[x] Starting local process '/usr/bin/nc'
[+] Starting local process '/usr/bin/nc': pid 406
b'Please input your token: '>
1035513515
133590129
1126732949
1125024984
2690500170
1464582529
539868140
445124622
1831772568
3749561821
921924289
3521537206
3650561186
816486988
935901153
3597353594
2258889191
534030111
1577460458
2525545473
2049634454
2536899918
1781551725
4061007801
823550417
767911228
3198693771
3265020655
3478811026
1643545316
1120103665
748193623
2351834227
1640004781
3366145480
3549469730
824446179
725639611
2364893393
4259577178
2522301057
3858136914
3605201801
2169977271
943359311
3167640327
2828892403
638131261
4076934465
3748861031
2634390611
319492644
3137278197
3863350574
1229437971
4130447226
1992151986
3954531354
433722719
2160534505
3571317197
921043456
1876754125
1025012788
4135425763
2423382388
2740787788
1146201145
3759653404
3197179823
3901058027
1603348167
96884241
440387427
2146967861
1101041073
4132608128
965797337
1228224723
1213296930
2818423879
1010413526
3875746744
2316803265
1921487998
4025027798
1732080667
3916302996
893631024
1534195825
143900507
4159682626
1476601008
4086461345
1421136262
2237028807
3030650031
2655912658
2470417668
399414645
3810213497
4008869304
506957089
1047789066
959953085
3565488715
3365335035
717651188
631732953
3160938660
903031482
4257608853
531607770
1789590961
485567279
1357397299
3621265263
743057558
1394151430
1373681751
1809798214
832926350
403542286
2851137657
4051073248
78151522
1833392598
2658442570
[*] Stopped process '/usr/bin/nc' (pid 406)
