[x] Starting local process '/usr/bin/nc'
[+] Starting local process '/usr/bin/nc': pid 410
b'Please input your token: '>
645461053
1560883477
3491679355
63945944
1394705664
4072985981
2283785927
1681783604
757747793
2852982684
1546485349
1994407509
3203590875
1919285986
2846859642
898283572
1236192708
1477235804
2298847648
644821937
616557041
3826443719
1662502587
3113845397
1109184595
1108773332
683783530
3185606332
3188371413
2007932828
2961149714
3676354942
1377485071
2667608969
3522208755
830477075
3552181905
400467943
430003941
2471544714
3916540041
4215301983
3536169946
638107203
2872758011
2944476057
712908221
1647123936
3403164770
2435339959
772391671
3230222673
2678715418
395509163
310822564
1775676465
1078846157
4242818379
1511171993
3904127469
3894526497
3119352837
3216411996
1637668987
4177276527
2423187337
2357764478
1890060621
1395980475
423278157
1550094532
3947707837
4004396955
2324455398
713309283
1003282285
4138150593
720839184
3574756271
361470257
3358368665
3111726420
3504207832
4098587431
514143303
1182728040
582841140
1969862160
354092015
1956582656
3994676642
336151666
1114524216
3809497489
774062630
1419239945
1324144708
2131533446
1768521358
2734456066
3604809190
230886260
1311826077
1372857007
2376523450
595551702
326131770
344398843
2447115500
3661451589
2990989242
2796818422
2306744006
273121631
3704291527
595543801
1750142664
1341884340
651505696
3633094692
2867749568
494870206
2351533496
712513374
2311387078
2860666039
3433667243
4076136199
[*] Stopped process '/usr/bin/nc' (pid 410)
