[x] Starting local process '/usr/bin/nc'
[+] Starting local process '/usr/bin/nc': pid 455
b'Please input your token: '>
4249052015
2905777707
1632541255
3855639023
3515742709
1779191594
1736588899
172466689
2584475424
171311564
963919099
420854643
1926419281
1761185077
1527484638
975092792
765225408
2133931021
3320335174
1420645177
1207227013
728403278
792187733
633398294
1866944186
1160544205
909597589
2444641927
3679012604
9964654
3303751737
176946421
2491269725
2052525910
1172293724
3153374380
1587361738
461484282
2490483070
855316723
1525085166
3633689245
2431319341
3080416526
3285633786
1788338816
734684794
931516012
3813131217
927624745
2177943701
1966398184
2911298559
527399394
4073369056
1045958305
1351882306
3150579914
1446152967
2921433039
4005984340
2793770497
692795090
2298203523
2392319862
1091023716
2643581387
1007460387
1675995159
2120281289
2757606770
2777720772
2729639161
795630218
3873339222
3563430965
4111988253
755264379
1800929213
4051928526
2904663531
4058440543
3868055352
299118794
3980466975
1261492195
1311175949
3914529114
2799562015
2919045110
3042997384
43563562
617594759
1365661538
3763380251
2530787395
2934281856
2426387743
2562569024
3165552186
971732251
1816061278
4228716567
518519663
3382302271
1632633765
2677736216
4087870895
1279650635
347040184
1464150296
2871713989
807048787
1209613342
3760017638
392313727
21390919
1063825496
1715716917
2212992442
3835204218
951160596
2216398996
1871295790
838666079
3161399350
94841772
1745226341
[*] Stopped process '/usr/bin/nc' (pid 455)
