[x] Starting local process '/usr/bin/nc'
[+] Starting local process '/usr/bin/nc': pid 459
b'Please input your token: '>
1767114766
3177991812
375262493
1601025703
47386933
3268868267
870775128
2098648150
245802402
2014439484
170667645
1062118260
486538944
999222560
1416936662
2371221364
3738744031
1030686957
827131291
2732799427
1021651475
3777828687
990229957
3570360114
4076308488
503944715
1708787057
474516220
1780755327
1707851539
2252739054
2775299138
3723326286
1278206863
3358579778
2632299233
2102157923
3716571592
3107081854
3609840819
1911354348
1895160442
295105158
1828064339
968810519
2704664440
511717010
2358299027
2995582946
4222360640
866495463
561606568
856006759
9415389
1125530109
1388993119
3812815630
424758509
2873635971
2547982832
3868688900
2463851149
2470257467
2537757372
1441266281
446253838
3912839217
3306773979
106146152
3668414060
1879719239
3857434354
917348392
1922024286
2396305353
1181995343
4129117611
3728231387
849295022
43244800
954490281
2259171394
3941760608
2194886201
136463888
2643772919
1888870063
4110445385
3451362829
352044692
1075959873
2896009374
3234625577
3268228325
154195133
3543597362
4140967353
2772088638
596267176
3329512640
2922087953
873560854
3048000229
1439813606
3974309701
797120686
1540935976
3172498388
3691380221
4155016077
828508039
1124887215
597264876
3695384616
363617137
2376209137
3714822687
61762303
804456183
3128452832
1551990355
581770914
3438971501
3681003421
3570970720
146180042
3083124641
944390114
[*] Stopped process '/usr/bin/nc' (pid 459)
