[x] Starting local process '/usr/bin/nc'
[+] Starting local process '/usr/bin/nc': pid 463
b'Please input your token: '>
1567938853
934527736
3191567909
3503054929
2192058809
1791029688
3891067080
1366392194
775026419
4244563757
581560878
4118337279
707687787
345268576
3319030896
3891711779
3501279848
3114191606
300373637
3965826365
1986442877
3885360085
897366692
3092623330
1014288461
3115594847
2594486491
320667435
973377728
1760612980
3148969301
2410859620
1608255709
3546368016
3977435692
3456939696
3286479132
3696861797
3199823984
1809128675
1971852392
272408847
2798313226
2522231033
957734782
3982874444
3972598833
1168613161
3173040468
295422667
1981281847
2957267972
2584682028
3806401409
121881708
35103624
2712435759
1062171118
2109507348
2757562896
2114710848
1809580561
4125847592
3447148022
2554283170
3173609325
3704694272
1897399751
2100122547
3681754761
1216718225
3479405846
1842450334
3613848514
792253405
359064272
277078714
3113286509
562340497
924694131
1166553324
205622455
4217827978
1069868917
1618415581
1884914265
1148764802
3033930936
4205166562
3633853282
978245202
2823227596
3766537348
1183267097
3603684026
766863273
1308483075
1040900670
1556397445
4175485052
424235660
938401815
3880470687
3118779081
1060836203
667143344
1114557129
1221489140
2902758843
3311482273
3660490556
2061286596
3922721018
1632582684
1603793926
264399184
1309893339
3075765327
1391546624
3688643786
4291573444
2216138658
721474156
2333495412
1966092686
3116017738
691525526
3950911218
[*] Stopped process '/usr/bin/nc' (pid 463)
