[x] Starting local process '/usr/bin/nc'
[+] Starting local process '/usr/bin/nc': pid 467
b'Please input your token: '>
1266499717
2206268233
1554609015
2978114308
2752066640
3810704708
2363150050
1354879124
217312877
1565299591
3450528256
577737394
3171866419
2440786061
1263420117
3846703613
2115961234
405655662
2055824096
1968528345
3393736357
3621903858
2966315468
3754656979
3353648699
1286454935
529859636
1794591276
2918885701
1132809755
2023884632
2425417235
2431397523
1744276322
250227436
2571511106
282438475
802980997
3802293543
2925154674
1279265224
1004557639
4105841220
2203936975
2182482775
3722636984
2140735761
2138663831
3979007550
3264570596
3692726108
2654884756
1783335456
339852128
3504899395
4169306005
2562724807
268273587
3375569134
3473965224
737823585
2871119509
1811448569
1963692835
2795218616
2043815697
1217227001
433933959
772005065
3136336930
3512746497
3435561082
3548443878
1051124855
852013810
2694431253
2024527147
3812026401
3128015869
1213521210
1693916035
1197911186
4220383245
3060326738
1824294763
2298243899
1665396596
1971500492
2219619091
2792890837
105032599
709822634
2596391512
4179332401
1621014005
3026723838
213932057
2329358810
1218953934
2092312325
1599486508
2129042817
1756824210
4168405095
3879011059
2574891675
3829086484
795309275
3473612681
3603403112
2820302035
4229292191
730348242
1257121874
3380007494
1465817061
2543238
4093993373
1381020431
3856072652
410121310
3182891096
2133275052
3502197838
1110462753
4116760321
4090566223
2398475623
[*] Stopped process '/usr/bin/nc' (pid 467)
