[x] Starting local process '/usr/bin/nc'
[+] Starting local process '/usr/bin/nc': pid 471
b'Please input your token: '>
762302116
2233479340
2898034394
774252016
3211269724
630201789
4214058026
4041029490
1698797421
1748804999
2936961656
2391635154
2724859816
1569742731
258440122
379428448
1638406040
1441220655
201310665
2937286244
3626518510
1390003912
4292879087
2220748422
3660596411
3999062540
2244438088
2882606370
3065985487
2140449540
553567851
4095921659
2675010887
2011529723
126124511
205416405
1562782587
3191962757
3165054869
2709264794
3330099431
662529425
50986418
2655833831
1306240100
4252883236
2479842377
1807105770
988292638
912402171
2782566242
1132223919
1532908229
3922777591
1029594765
2567302774
2058116265
3382711264
2782118184
3162580464
428216453
804958248
3539029972
3482906419
4173950180
1247478337
851227710
4019423724
494279631
3984274909
3253120894
38878968
1237071743
1379017002
1938867908
804492891
393637985
203168989
2146065109
4204821120
4292980331
3839627580
858736732
241228432
4224592746
4122435481
805296460
240359772
2208011052
584209275
1699397213
3453615904
1282106697
3790703279
63626525
2735619765
4288390629
1494180883
3530381372
3318498912
3309691394
1870162318
1183153296
3327505777
2456657774
885289000
3693729435
855539687
1932385430
1275142413
3994560012
1634301968
2357309017
280057841
2582624700
960816514
1307515340
66007874
1158822938
4066612017
4017196960
3121274494
2370725414
2516405850
810283276
95213186
1904451713
3770293329
[*] Stopped process '/usr/bin/nc' (pid 471)
