[x] Starting local process '/usr/bin/nc'
[+] Starting local process '/usr/bin/nc': pid 475
b'Please input your token: '>
3013870215
2666126367
557245929
1280375552
415190050
3890562662
1103125378
2388532300
486267771
1524707926
2063307531
2156984328
420386153
908503924
4186295142
4229961686
1835055200
207239485
2915777968
2554129135
592366068
3568922757
3604386778
627109625
1150836654
2354849822
3103510636
3240387808
235042223
4289445073
74506235
3940802385
2606955280
1824206716
808193456
350287963
1591621726
2795642689
2276197424
681255957
1879143735
1516081965
3772135376
1493359403
1648172372
458309853
3961211174
86158438
3137511083
1120560785
2289759692
1528252432
3447060593
722569292
1660544073
969984654
1022692254
2053128745
219381896
2498048932
723540195
3462182030
68125185
2859603040
557326014
1165479837
2121455008
1596760503
4007363702
164048356
2466340798
434259461
3166637631
1382427578
3924831198
1031984325
2758037260
2088294451
1650454230
3333317698
3048275645
2601033141
3943603418
3240921593
3139694328
397487846
3950719582
841603742
1657449853
1860002611
2626635433
2392529474
2672308279
2309798122
561474757
1786641898
1787393020
900015360
1559046376
1942378025
3569379840
727532946
1953563550
2170498048
2445828198
4015651385
1604943669
3551551127
3439605671
2672775001
2273605431
4223398697
3476709122
4167140187
2845402524
1667832597
2507249950
1637296232
2036141479
2924705400
2689829015
1280021698
3903424991
3850224561
1104711498
1725413820
2035753627
3050974499
[*] Stopped process '/usr/bin/nc' (pid 475)
