[x] Starting local process '/usr/bin/nc'
[+] Starting local process '/usr/bin/nc': pid 479
b'Please input your token: '>
4170591229
2827334270
3681810675
590773734
4272474602
1371250742
3995443352
2844087401
2475111541
480497207
960417509
1840249659
3117635389
1699268276
2541474612
3988323056
3294777872
792939814
3568828876
2683239415
2805966839
728296892
2753588683
853146069
92464856
1722754445
741683685
1904864286
1608670029
321726375
148191586
135323430
1001780988
2561837061
3992683512
2206982153
989530932
675138639
840591356
1121770520
2307819009
596445595
4065281223
803937355
4183246686
805923986
3209602916
3760927798
2289635847
1347061016
2457461937
1183134501
535234445
3986303206
3288876370
452203530
1427772887
3217128783
2558252014
3815693721
4264489842
1248824413
3653424512
2118423762
631595280
2525690967
1147704621
1537643740
2255017998
2933227683
2553132980
952330597
3779920132
3479396993
1552053004
2281482204
3747189034
1640992838
2415637094
3283152802
2012982385
2848220052
2133868518
1282591869
1122172309
2787286366
3682375980
3455743346
2109219526
237960365
1431246034
3514718836
148021848
1477811700
1334479506
1167795363
2362386526
800619182
3271976905
793380796
1062420700
4058866276
2936914505
330785121
2117763001
2957965138
1291821689
355585291
255839093
2580414541
4097828734
2628262049
1844536404
2142853288
1785164699
3419623131
1652713178
4157734994
1571594606
989109382
47390101
3985061889
2012661380
2728624658
3695884800
1667159353
886179
2293625500
[*] Stopped process '/usr/bin/nc' (pid 479)
