[x] Starting local process '/usr/bin/nc'
[+] Starting local process '/usr/bin/nc': pid 483
b'Please input your token: '>
2068079787
3272811213
1942668156
3471994819
967946275
3718058134
3657737680
1065346311
1509355643
3897712963
17238668
232148500
89599873
3682594113
220907919
3113414232
3045501946
576110635
2831789483
1579160073
4039700592
3755559733
2771450941
856938595
4014414483
3401389488
2263085037
4134169889
2764696479
1630919217
3268597726
1450457183
3733638765
4006311593
3948063727
3253128877
1128043807
3822838162
3907427052
203027873
3709032770
668129224
4061351508
55458099
1614069527
1990029816
2157780713
3281531509
2996955837
1878249706
653675235
2850024827
3832237474
3433097419
914538633
931520509
1304713624
3679845715
3278584061
43878953
2797414825
479007942
607546332
2977177431
3213003062
779598027
669395254
1851083481
4192447879
2524908923
3507836543
4142551975
2915029465
1309187470
2255293607
1159071556
191410697
1365334528
3001753199
1252101205
78964220
3804359673
1603967399
2924419568
2956562021
223432049
3235053570
1589846323
1930059271
1741697110
3104719632
449726457
2101607465
663184643
1777993871
2390343771
3160569488
3827082297
420905805
2876107817
160001931
2076519027
3378275582
362994101
856028205
1921180075
296443089
2947305802
305194257
2854446313
1363913820
3635685488
2974534412
3497330208
635457562
2728893778
1918225763
2708635583
2065235258
2928965074
157244102
4074551700
724766922
1667630896
328694197
4001755761
674269370
2410591013
[*] Stopped process '/usr/bin/nc' (pid 483)
