[x] Starting local process '/usr/bin/nc'
[+] Starting local process '/usr/bin/nc': pid 487
b'Please input your token: '>
3788338708
539596902
2863862379
1116757413
1932687311
209967562
3389373747
2861174690
2320039447
2358038134
1788811697
2917866445
2242860865
4228565568
1899812417
3612885157
3827297352
1193903525
1331320783
2787471913
1989748425
4162716173
1805878640
4107011118
3193788399
2092175218
695217521
1492734990
1255354460
2687033326
3112841823
3298373048
2343521510
29304440
1933560046
2438130562
729276350
37134911
3967781557
4262821397
3968330751
862448702
1683246599
2020873382
1233554500
690884266
3727848233
1364758989
4200276304
2275190752
3386540803
3907155943
1516860937
2441956321
1000470187
1669154939
2751991516
4174130665
3072679695
1738625468
3363842449
2236306087
3591760397
3532401320
123860698
4203048596
2610940468
2094152409
1547936223
4097678504
2523178510
2139820788
1695352625
3588595298
3267506195
3093591584
556877631
1237675363
2801262252
2577179501
586869099
1620800740
2217946665
3966956414
332716905
3369021076
872763614
4032025018
2456286192
2750081469
1619785387
1104723291
3682818544
644268579
4033069247
1874956938
4181386605
124813152
2557571791
2766970117
1701004328
4257572821
3104531475
1544261590
1927961796
2302912240
3361854760
174401858
2544621918
831394649
2920634278
256489649
3360934741
27585971
3844028132
3669742612
749350019
1967607495
3632720684
1174006327
2621709680
1551699899
4221378731
4105337790
1436640715
2375738537
2695371080
102865094
[*] Stopped process '/usr/bin/nc' (pid 487)
