[x] Starting local process '/usr/bin/nc'
[+] Starting local process '/usr/bin/nc': pid 491
b'Please input your token: '>
3284258643
2233443862
427293871
753523440
52128164
3616287236
491808511
2426416401
1688317542
3723877847
214725495
268929579
2530593759
954219008
3518854661
1410557349
199280022
3469461490
4045709692
2635032011
2740491960
41955879
3815789039
1472084659
636868268
100651448
2228374261
3350230401
3503106548
3367462676
362829902
2018923507
332825071
3803734809
3826649751
2845215836
2594920539
3189251536
2507691701
4273683756
84592146
351767228
750062592
95774792
4008078434
947238343
2610415259
2173794941
2976199188
1300281567
629886097
4215490037
1194095063
4020507995
2867949270
18855334
219434467
1113702006
3015971919
2058899654
1528126139
2036676219
2361713304
1193591232
674379983
247772884
1121344742
3940459246
226570486
2899292977
454284976
3171076612
1476763222
627385217
1059312275
3540966574
2460641977
3390238515
280079333
1985322007
2185697750
1474673771
3123302370
621402953
2573272532
1757821840
1257883844
3789955984
2071158329
1302658764
2197206306
1081392281
1506466496
4069841185
4061401856
1592993776
2056546046
3546638783
3320369035
2283487481
1451530934
1862265289
2400682172
865908006
1220708064
770061618
4037879905
2390434238
1945466754
595431024
3388996585
2915437302
1276239524
1058675750
3046850942
2580353569
2169509568
149348453
3786333652
4038557216
1715745241
2592128386
3337212432
4219149759
300157994
2514782412
3515865376
1963978500
[*] Stopped process '/usr/bin/nc' (pid 491)
