[x] Starting local process '/usr/bin/nc'
[+] Starting local process '/usr/bin/nc': pid 414
b'Please input your token: '>
4224371190
383890474
1959832317
1336557008
3802478791
2339176976
1792207539
2000435810
100038886
785280912
3052303053
813166822
2424196749
3376473983
4208050180
1649618163
2185374853
2261902532
3159783400
1272162740
403601501
2775654222
4032070697
1023009347
3119635063
2856453540
252146146
3835477333
2024643139
1333123520
2246690783
3047538911
3163648096
611218799
3652668903
2165760280
965489773
819723377
2316793624
1043071728
2539060025
3275428477
1240155315
2311282289
345516675
2236464214
1434139287
4102944676
3472831555
3356355930
1169296573
259194334
1529086130
4157118358
2488175945
2337368307
2662484207
917668637
3442920200
1320742468
4284356422
1487090864
2697017807
1064063212
2497102192
3502123015
3551640434
1639332278
2961258358
4091759913
1273015293
3801085354
2726571605
1606612943
1071143676
167825151
318445995
1529701823
3423939918
1420340547
767249607
3072112205
3720470457
1186421690
3041352771
2812836823
13295861
1157833400
1084947501
504660202
301862124
3436296243
475363823
352209076
510218657
2839739717
1786860789
2744278331
284871959
3346514313
3053658238
1507168740
1231779198
2489721098
433705954
632609989
3162185088
4047286449
3799581084
2556170707
2284295444
2176937173
3935850756
789800467
2690395438
589390440
3589470670
3541575103
135401704
3122945240
2901134407
629370476
2231956362
3881036907
3221420450
530453805
2278437179
2126173601
[*] Stopped process '/usr/bin/nc' (pid 414)
