[x] Starting local process '/usr/bin/nc'
[+] Starting local process '/usr/bin/nc': pid 495
b'Please input your token: '>
1381855723
3541823584
355979049
3685069343
1916985096
1012982520
3655865802
2340294262
2424752899
2880435755
2041975186
1477806101
1935369790
2845155142
532090689
2489404578
3036401934
3277097494
769086049
1151080571
2913249266
3646449597
1447497087
3141063404
515347313
1701938789
1210610985
1363550262
4268335550
2326752590
4026869826
2866225958
2814274195
3852055326
2098176862
4161164058
3647583042
2656511149
3716466694
3095311270
1049537110
3974017285
614653897
4107656811
2533299435
2715621608
1962690990
841824757
2741459933
4234127132
3777860296
3908387017
3780624691
2225787613
1168953431
2378990256
523686313
1284887700
1494002000
3125283275
1851052994
34303384
3090215263
3478784665
2339114156
1370485662
192119760
2787131896
2729069054
476240280
72571716
26406713
110800732
4025219912
2237249054
2318135451
276075462
3493176587
2758687728
1438687953
1750897003
367987759
1141830177
295403277
1638964110
435192133
1133962232
3933208071
1020502249
2923762820
1386344296
313498857
3823841865
186973997
836486603
2045219197
1822243795
3348915729
494971001
4123907419
1160149521
3671983198
1617438618
3933884173
27139178
841161763
4071931542
1751390562
257669149
3260117648
544521582
315547988
3006726180
1212819712
1134051222
3609437164
2246852454
1678002427
3704956199
1163279510
999163432
485353789
311846917
2662300821
1803764948
1567752634
3774177245
1235016136
[*] Stopped process '/usr/bin/nc' (pid 495)
