[x] Starting local process '/usr/bin/nc'
[+] Starting local process '/usr/bin/nc': pid 499
b'Please input your token: '>
4048437155
3790637822
570977188
937069924
4223809037
1003456991
363998421
2565447584
1051548848
2200953162
3752421128
1774184871
3793556029
371837091
381281631
2405140851
2086005408
37938240
2692229310
3495094445
558751297
1965395802
596997399
841046860
495922768
3067492844
2356329685
4134476623
3155847100
4136044828
3587000039
3977784243
1733576122
1814965914
3881823149
3974902645
1246542328
536521335
389499192
1880381132
2299909056
2880487369
2578926432
2228063052
4280496923
4016965654
2648196663
2707407582
1220136529
2355545990
1872132141
2109684213
1262537822
3651651095
3745645150
1578199459
282326881
1995290383
579232901
3675142379
3499843503
4289202024
1261391101
1121197248
925501154
4245672629
678738119
688098876
2357875259
26927515
2397629800
4167455146
3990584138
1013277452
1451373033
2948923001
30104370
666488230
342652010
1323796394
1588855490
898682063
2119485784
390098743
2853668569
3530339683
1507643033
2316114603
2061761592
1670881540
1826033892
489875119
1062095326
2856324306
1135741586
2719391474
2832981924
1128394688
2816213044
589635685
1726001240
750335467
790040978
2967373201
1528278064
2610225297
1372074242
2116518585
3568038345
4277432542
4278044063
1719646147
2284130335
845276888
2176425494
1046936410
3873343591
1100823988
467428228
2434828774
3138134357
2426772268
3739613964
2383264599
3618024592
3702990711
3651637699
4097523898
[*] Stopped process '/usr/bin/nc' (pid 499)
