[x] Starting local process '/usr/bin/nc'
[+] Starting local process '/usr/bin/nc': pid 503
b'Please input your token: '>
83533442
800434538
2633164549
887565080
697483787
2562170456
3707109757
3279212883
1686212216
439885760
1115236633
3391028916
412291702
1044592185
139034581
842740794
1556844821
3571270808
2555017621
1152799641
3215312030
1239338020
1992453293
2375177550
4124140156
1505293475
1438010095
999289473
1847602832
1471132390
880067601
3663292111
2260803639
3335927820
2725290108
2225048976
1264372541
3690399438
3409195362
1263684153
3794257827
1989341831
3528567682
1664204320
2478228735
2316287331
2540695766
47751108
601356442
2136277868
1970003939
3654164771
3339965041
4135488155
17799935
3601463775
2651558001
524443654
3727165975
2149136739
3361089201
3342093572
2856344805
2632731612
2208622015
1452908338
1299035374
1017637931
1797085045
3805205303
3179342575
4219646484
1378277278
34393943
557561245
2829031034
306172867
1164986652
1824140620
1290831027
3426069956
649393827
258786123
2460210582
233651735
1475706763
3060440669
1283144403
4235561083
992334266
3343240940
1122741068
1631909287
2427135912
401723488
504475297
2968092856
2106994417
3065749015
2937298311
4138823449
3654861246
4109063468
2279144900
3945277664
4250561300
158742595
337522828
1215480466
3489371685
1387741905
3064679052
3162074796
2024991851
4251400470
204261892
217246743
2154728799
1700169369
3655918453
664884677
1622598794
3903747405
2190222497
1785664812
2121483258
315839410
4016233967
[*] Stopped process '/usr/bin/nc' (pid 503)
