[x] Starting local process '/usr/bin/nc'
[+] Starting local process '/usr/bin/nc': pid 507
b'Please input your token: '>
1419672876
3957278380
87667000
4258694777
2578313378
1226106186
776967500
3381942937
765478708
3484877160
1600631846
2675562003
4168965974
15526814
4248728992
2094309775
2348587143
2761395109
2809734966
1860752969
2939135616
4065576473
2263782581
3176370113
3532065722
3953128551
3300803537
3028270634
1723703369
2435192388
816543684
4188514926
2629324896
727329894
1553558629
372637747
1832696615
3833112855
168721240
1097181195
3525299132
2043056109
1032183832
2326210092
2638034409
2014056425
1295667653
2599989931
4180157417
4132734034
462846532
228852794
564660638
3070845431
298825472
2776015351
1429844102
204889543
1317716613
4120911548
1640482379
1241637498
61074710
3602736847
287946154
1702024697
256535633
311601685
528496030
2765929192
1030266716
178253911
267382295
4169159298
2531916928
687213173
2904707236
1594095359
843939046
2453422382
3476983725
2663548710
2516026097
1640618043
902118518
1384422551
2690713645
2815723857
4277597043
484947645
3146494000
2743710888
3542019397
4131132657
3384687069
1213246808
1488611308
630061613
1329348878
1569669368
3065526688
4213299338
258123389
209156105
304922432
567631002
4067754704
2426450615
842616787
1133048975
40809133
3910519055
3039756735
2577658379
984970286
3826541227
2642015217
910998088
563353946
658114009
1272852339
1965233104
3818378284
3267229772
3916135524
805288720
3831760254
1084318202
[*] Stopped process '/usr/bin/nc' (pid 507)
