[x] Starting local process '/usr/bin/nc'
[+] Starting local process '/usr/bin/nc': pid 511
b'Please input your token: '>
712067187
614524735
3864733104
465071138
1679311749
3193366833
44241268
1072761467
2815648509
3032444843
1753613142
3969440870
2691124604
4234059941
3161433476
120611783
1531545210
3960448863
3719970722
2964636560
2184609994
150549129
3929403122
1966340093
4122945615
1061487440
2955362827
570566488
1656989598
1318353184
589233875
1829420976
297400286
3678853180
2336065275
1154367781
690250436
2271584019
753293096
4024661292
2893849565
2986032364
602526217
941822412
1429944374
1870047337
2321318878
2238698731
1877697473
2317840061
586494355
322089442
1963881831
3405260685
3565570366
2138628851
3263952946
2955485627
958585872
1750013114
1510589195
556946712
462375068
25278144
588796859
2132664944
3624672623
1344661380
1082918073
3311514969
672426844
3386345480
3118617799
2841896438
2747053777
1873796749
1440293436
1820636083
2161973042
1516989628
2949784841
4093802680
3215966958
3768802792
746013515
3366293342
2332068102
3085428727
632256666
3106644220
1866605831
2738490378
237674475
3440179434
3477337982
1446541805
1751570356
1944235243
3197454482
1893556335
3631228567
2133694275
2708778986
2066936106
1956108513
1509751686
1457499391
2285409743
4273913867
1473455439
122024305
2140213455
936006636
2045735175
1501604131
622228283
282781028
2963576316
2189204471
194184285
3200769176
551869655
1811365460
3389994967
401824389
1533971019
1815810188
2910903365
[*] Stopped process '/usr/bin/nc' (pid 511)
