[x] Starting local process '/usr/bin/nc'
[+] Starting local process '/usr/bin/nc': pid 515
b'Please input your token: '>
4263444994
2574018058
3677855749
2086294653
1868007436
2047013761
4194270400
889627393
3839471004
2053265709
3584895059
2563800816
2943569537
2268762083
1549752640
3875157833
615381496
4224186112
527262
2203703838
1471136489
1657172749
3464485517
3307089360
2343872266
1231573475
4063749609
1463238542
2361233658
2000031509
1059440267
1574708848
4132983063
1667071779
2970550103
2842995063
2283771437
3845928286
2283709864
589343329
520294702
3628592689
13463905
2152863771
2526718050
3617131075
3481460909
654042592
3267774109
1125712106
2858549748
1209446947
1735540626
2897215993
1012401596
3937031066
2335152016
3456529439
2406050740
629673610
3463267045
2699062262
1823250769
2442550917
922632285
504367985
158771920
4216495753
1860606619
2831681084
860639586
3712025235
2185475853
2599200611
479269118
3257440128
1402002295
1524997615
4167923282
3544925462
3884200681
536967216
3412074151
1656779703
1403664196
845040843
163945488
4246116107
1570202050
3854064195
98530425
3662932413
3446001654
1776277274
4125312139
1628601559
3390774355
1091156951
3709563438
3184295379
640963462
445526223
205501940
3106757706
21197708
839147833
1101910519
2057724549
3858439835
2257409218
642328571
1033110111
1503445853
1640425613
4026887065
151389043
2919007337
3766408403
2342141193
2430347600
2971003699
3470255664
2456773148
3224408354
1935207966
2137114504
3054428188
3182175978
[*] Stopped process '/usr/bin/nc' (pid 515)
