[x] Starting local process '/usr/bin/nc'
[+] Starting local process '/usr/bin/nc': pid 522
b'Please input your token: '>
544634021
22154336
2916672510
1282003786
1861571824
3244748105
1850819277
4049183236
2688647225
3887992443
100242864
2967959704
3478268891
1958904667
3550566031
3241788756
2425645008
1389992380
3510992138
990321793
1496871389
1197909047
679797133
2859580577
2667417444
2145227754
2647069177
2176286981
3733153626
3964021552
2952326905
3883791752
2593084685
2146988144
672133657
2342250771
263656352
4679594
2327593902
4004995056
1181213768
2548841977
2380666525
4144803545
710139600
612527764
168247386
2267845199
3327258159
4137460109
3588365432
2469350618
735148118
3294896059
3462884680
2692672047
2874909014
3927525728
3409365793
331380918
192107638
1392736274
3888448723
1215971387
3915639592
2548972377
4068568458
2424404452
3579608383
2447195311
2808979437
3502505291
294706300
1303763841
3338092081
1061343014
482644584
2812421565
1904930899
871126107
1880432301
2906458934
3570545868
603496282
208008708
1975560304
3740258502
737172849
2342723496
1615358012
3567304606
1871011711
826900400
3261906881
4042610138
4235682200
1900178427
3617678316
4094376585
3915810543
499869481
4186429934
4221517522
2866627425
2166876861
142146061
1481829662
3904159723
3999794178
1447639735
776905206
212520059
4223676231
2478712755
1886512331
3375122454
2680652692
3046033205
3798632649
409952288
309619490
487771554
2608242251
2953202171
2274972635
1765128581
2683494098
234508975
[*] Stopped process '/usr/bin/nc' (pid 522)
