[x] Starting local process '/usr/bin/nc'
[+] Starting local process '/usr/bin/nc': pid 526
b'Please input your token: '>
3873770982
2690273109
3597675950
2286035992
2165421729
1750512981
620453957
3025372397
1195099498
732345093
2674052387
2542843283
735548673
1952844646
2845663637
2235643684
1529262979
3300399003
1296103751
1810772229
3150061841
544025895
1785396882
3105382944
560311220
834636840
370348568
1769575327
1430593727
3042911243
857672440
4288186312
3727767386
1410999458
3345251416
1321974410
402704946
1589630065
1402578826
941533388
2052918502
1032020946
404457876
1013207948
2233412739
2132390829
1042756380
2162080149
1034616089
2905014237
2151081401
3441071840
1543888669
3964891233
360031197
1179868810
98339426
1103987213
2691065520
2967626330
50387547
2922368771
2130120738
3857487050
3808618987
1032010670
2602435996
2481331132
357987270
2848330609
2480208837
2506799968
1366427490
309097392
1514990665
2317826570
2430043071
4129062659
2131523855
2989813546
2390337722
3338112416
1017915921
3055588131
952544786
3215942264
452480282
3378936765
2619010914
373291583
2293484090
1295987841
2649671230
863932833
2235109909
1187139597
2440473635
2834736448
2904555851
3063797791
4237620253
1774129291
4185654621
3715547680
2267024102
1683630238
1864484263
3986702433
414257520
1437581114
2144067934
2307463879
1871270108
1191288944
4207599199
661239533
885176073
1573346578
2989216816
1029132061
464624035
442683921
1596874409
1361278435
2572335431
2266010729
1733019839
1580913348
[*] Stopped process '/usr/bin/nc' (pid 526)
