[x] Starting local process '/usr/bin/nc'
[+] Starting local process '/usr/bin/nc': pid 530
b'Please input your token: '>
2060732168
3136819982
1971841145
2600272218
484950721
1605495868
2421286017
2530101931
66497309
2540098453
4026930037
86994150
1977322929
3876072086
3971627357
1490433332
3384692646
1898879881
837275485
572027053
4008701070
758047272
328904683
4092458233
3977065763
3992029524
118528848
1466399450
3444190342
2334533567
1818164322
1615132152
3299132701
1998605954
2383018750
1136696528
2844309843
1989586898
3702267100
1869780320
528676717
2810653214
1593644036
3645373012
2544451197
2086719033
1477343829
132830224
128792567
3881869215
4287169221
3838303331
1124323905
1997633534
820471598
2647865642
1648449468
616677392
4187855400
3436632244
3598287864
3218890445
2585063597
2333975099
1042580728
295812143
3528206947
1395874174
1664714756
1525923724
1214049938
1678012180
1683329689
3962940756
3749938898
412848911
2598680354
2467411789
4031743605
3698754405
1937021764
625257026
1351681878
359722527
4029545578
1119494030
665692181
2054051120
3509024377
3564780214
2057803190
2279624540
63539377
1081553326
509744683
2648782956
3879464102
2875100670
83328701
3045895554
2395374370
4276195704
3536020467
2970505454
2295618209
2726601213
314261345
706620421
849090599
3415983055
945064280
533303674
2725645630
503987987
929499428
3866281314
3853694209
967270159
207402086
3970012274
1632235841
2900702629
2941951596
1277100937
2028403525
1056828572
2838406680
2573169621
[*] Stopped process '/usr/bin/nc' (pid 530)
