[x] Starting local process '/usr/bin/nc'
[+] Starting local process '/usr/bin/nc': pid 534
b'Please input your token: '>
943161006
3858229516
1094847492
2638866648
2401261995
953520323
2311240626
777555055
3941629052
1379588016
3137311469
2552156843
2048749175
2650976042
2667723732
3423949084
2241242172
2906665722
2402019569
4004521417
2553792754
2996945969
2579718059
443768462
1026812228
3985273504
668209810
1409355739
189786693
3570744426
3694403800
3526568890
101230616
2772492593
2007218299
691224068
1688691445
3392242873
2386128746
3485474141
4153157405
1542249754
2247050099
3312960513
817234117
2897045393
1396209655
925305616
2544125304
3714452916
2066450976
360797732
3840369052
1553575101
3850446690
1862363112
4215779108
79966480
3359983684
3918565215
509738906
3730236482
1239091591
3443618791
1968870280
1438495347
2793005829
3123554843
1158069921
680065147
2734187928
4046266311
1495888319
2651329143
2403333943
4125377771
427654655
4165703971
2513638001
1383685424
3448541741
3752697287
179087127
440945177
49523370
1552011371
397129443
962156903
3647369977
3624188317
3226095973
4225924334
397589354
1123382358
2806109151
4138126235
2068172803
1770483454
2877026366
3210749720
59345084
3572161738
2177797374
3913229704
4000115772
1815873614
3713555529
2930940261
1708936709
3126232595
3863453070
3491365308
2545032849
3595022808
1683691227
904097415
2378278842
2457600771
2453946495
3846352126
414113590
3296538392
315753095
2635391144
2086140456
4227959436
4190294675
2481347610
[*] Stopped process '/usr/bin/nc' (pid 534)
