[x] Starting local process '/usr/bin/nc'
[+] Starting local process '/usr/bin/nc': pid 418
b'Please input your token: '>
1438031272
2431614315
2218399468
195407158
4031605963
4198127371
908733075
260587925
3819022925
1003706009
522324028
432640354
1531018561
1733173144
2448060260
2417931395
1165169565
603561320
3554978517
3350738405
1832994783
2455382076
282485121
998394129
3681276731
4270104288
1118884240
1747114427
3860125773
3914858530
3920531105
4029298324
477542370
3429760227
1984250960
3028806935
1954971939
3875863163
306250717
977444161
2994971280
4139057253
3447516018
3797421001
1716544897
2968116958
2486900265
4232598298
681016551
4184048956
2939178619
2066018997
2444147177
3481462518
701885402
2171530257
3573943158
2140819495
3060913963
72635281
1524206269
3787960140
1448739532
1865679376
1095936884
2345350382
1589456261
2263489827
3871730451
4131003487
2487837439
2764591284
1794000763
905097766
680921121
2551999220
2246728754
2490908984
1283516342
1285075277
3151943368
2739610531
2633020658
690560583
3896360987
2532718860
964873984
598691359
3243393475
2082568199
1650957338
3283759863
2711123036
2698131914
3938890613
3491823971
450822144
1101949764
1805051462
1061210546
3605891718
2486733443
1845505268
1179843192
1035010508
554668544
3074060385
3799348109
1453603378
2180186029
3613536751
1768869441
2745087693
3904301455
1323550620
3836339770
1867663084
1646099480
1941698312
4094420579
3472340623
2268697682
882060060
2906339264
2816925457
2503790758
2618084669
3979101302
[*] Stopped process '/usr/bin/nc' (pid 418)
