[x] Starting local process '/usr/bin/nc'
[+] Starting local process '/usr/bin/nc': pid 538
b'Please input your token: '>
389642103
1429195990
3639596979
1383064766
2861713209
3490173369
2231607854
503117135
3005708176
1005869225
3720851911
1631205448
3577521504
310553134
2063802195
3573269209
2141058707
396383962
561373363
2033526505
2505475754
1158491161
3250623399
2599990129
3698557113
4015411117
2816864766
1051400459
1424073029
2337079943
482698115
2237666998
759720265
566023079
1783837903
2916781350
3310944567
4000448209
2980211739
3874747560
3516425025
2101773506
1475000982
671511751
2719605560
4155952577
1425129642
53928791
205031686
1997078410
3572775230
2956005578
903251379
1264003487
1068339255
3358848072
565383158
2974614367
2154517845
2423331920
196974549
1194726349
639586260
2199408265
1922865360
2405471904
2753957153
3122986180
91853443
1658928348
2022651743
2524357235
2724135478
1633278810
2258273039
331889026
497038449
1357241012
596469417
1821864179
3561513393
3621686657
1270527226
3839821211
2669451737
3775943850
2920076386
2950255770
797662839
4051731299
910813512
1921558718
4231943534
1830202720
4165903980
2343281872
2782377875
115286177
109923434
2938714054
2085824331
388649816
1795046871
3072868082
3183771749
2782358151
4053925910
2211258650
1855803869
2731411525
578741726
3228947725
1933164470
4276234825
2854153627
3830586959
3352233311
2254111986
3049912752
1402353557
714409274
2482428481
1718239148
685406776
131698580
2897007419
648133645
3011483851
[*] Stopped process '/usr/bin/nc' (pid 538)
