[x] Starting local process '/usr/bin/nc'
[+] Starting local process '/usr/bin/nc': pid 542
b'Please input your token: '>
2073419124
915516482
396942628
894100727
694536909
1116635834
137623757
1685618897
3829866745
3400861940
2774396827
3609861067
3083653496
1216734424
2032372921
4071729356
12250911
1567500029
49905006
2220291578
1303975615
1748989103
1352147934
3010456135
190307925
1682140755
133002297
2550826338
2839082918
3728486858
1868685759
4044893919
3275048849
1583293054
704541504
984522058
1688469347
2246084760
317680146
1629223813
1481676670
1500538153
2318529612
4231157722
3853259395
3766931889
340682006
1941723212
2497336595
241242285
1107970202
3763915095
1725466636
2060108198
1727222634
366486268
337532180
1973708885
3079197922
21863020
1402156037
3026377957
807012649
454404015
2496621380
3585423061
2956388854
900515818
3054944985
416290242
1831305614
1942465845
4260777974
3220553706
798491449
220122723
9529623
2452096083
2012287764
3302317602
3532132467
3403003447
3722872671
2229167033
619306852
3312252476
512083213
1067411904
1434211196
681606400
2126826579
1828520396
1550594943
3020090570
3195012637
2544122918
4034233671
1655370172
3127840568
1543452266
3428741098
498663672
3376339951
215652154
1083269501
2544557329
859148651
4074610798
2535766094
3099251124
2808453258
3367378418
991780981
3932374307
2972593284
155058971
1883313794
4087911524
608123348
2296773594
4209509977
3613216532
1835907405
1050837848
2296344373
2147694811
1757241195
134020595
[*] Stopped process '/usr/bin/nc' (pid 542)
