[x] Starting local process '/usr/bin/nc'
[+] Starting local process '/usr/bin/nc': pid 550
b'Please input your token: '>
1924593066
2602547365
262463407
2200541298
2114563641
2129737801
2458724917
3315372884
1857375382
1697626305
2798619599
3271151376
4038303190
446393924
74361153
90436354
387350115
69369395
3317530926
3657791894
2429339066
718844323
3446791418
1233592233
1659154562
3026100908
16913928
2824623250
116044986
1041311744
2107784177
1033489309
2471707478
1391215516
3461899360
3872713202
3805123344
744187669
3030808478
3904992195
3993639261
2670769006
117367523
2520954021
2169260252
3053279843
3765473283
1630348381
484080232
1272115527
3452054003
575861927
869641472
419971661
4104426938
2707588699
2337691448
1840434546
3344926697
862303452
2142218249
3132897152
2168016515
525599177
1352980558
990138444
3355397030
326152390
2728503512
291569707
1585492428
3190437390
1136057143
2202591848
3026367315
1473244401
601881480
934492323
3448183160
1745839241
1865762918
4168618026
1370612694
4008904774
1248800915
1212645178
1000007505
2768323894
4042545206
2666372445
188406637
2739103380
597954765
1987631521
2973881068
3197908178
381785203
169502057
1633673695
4254954268
667784034
3346533650
906936320
1811114032
3195509332
4089997739
1413236338
3515466459
2346669270
4036517540
1673827118
1344891382
848956398
3063982181
3315995454
4164332818
2074903993
364005639
89855321
195378850
72811183
4286242303
1164661705
502245239
274189878
4129329952
972897665
2248305095
[*] Stopped process '/usr/bin/nc' (pid 550)
