[x] Starting local process '/usr/bin/nc'
[+] Starting local process '/usr/bin/nc': pid 560
b'Please input your token: '>
860008610
1650714924
1545832487
1547092736
3943203967
2328430360
1293419261
3399415054
1426649070
2361385136
1652527131
1862629335
1961222332
4039256574
1126669250
1323202937
525991145
2108905991
1791888518
1485131510
3492006061
2126361626
2468152542
1794275510
3210727719
84344083
2320428555
2340217940
331961691
915429834
1195222312
434728117
1118145485
3982923938
3765237505
321667746
269517362
2170345646
2929820521
2707154755
1688378601
3905629289
497845548
2830212761
1053022791
3436590118
3001319716
3533150936
3701415107
3003085899
2084917214
2095384633
37394476
3140613524
1673006824
1862964817
3663724294
482972606
3183984376
1288969882
2053824191
104120469
1814296609
3415292633
768343166
1857042801
747992540
3461270324
414730633
3775139213
2000741541
3346936525
1340052901
2876327064
2632486318
3663815806
4221009726
1680618536
1409956261
3800634086
2327763988
2662902628
3079780220
688923972
2509787946
1893961566
1723704231
293341213
769572265
3732905471
1792133372
861830206
4216605041
1062974520
2991199403
802303746
167856492
1502244614
2539319081
3739789925
2872564277
662386784
497864469
1783743892
569655600
3661014819
2631192141
773355858
4178291686
4195196141
159547789
1237042060
1791495234
254945378
3775273266
1133203135
1219163406
128844526
3625572044
973598431
1897063490
3137390345
183783852
2516153880
1523492355
3523760497
3005713318
2306567795
[*] Stopped process '/usr/bin/nc' (pid 560)
