[x] Starting local process '/usr/bin/nc'
[+] Starting local process '/usr/bin/nc': pid 746
b'Please input your token: '>
460635404
3552096211
3560072746
3650398714
3285019428
2163024163
173175948
2668802768
2934836554
1455181210
686723201
1699567742
2788843179
1962785640
55784943
2409731259
3991670871
2097280522
65069697
1632029017
1682389648
3185570279
3367356027
1035891994
490014527
2183178324
1360803801
311411669
2778178148
2806390807
73075641
2333630821
449807771
870502809
1290120349
3070925757
1590673988
3769814910
3540190332
3330278535
2963477406
3260033134
1685607308
2004693239
4190530308
226083805
2529279853
3483868855
2355999983
1739633822
1064476837
2785457263
1444117966
1620549792
1336550692
1086299470
3196584929
2074964078
580420285
1999243477
915952179
1214922078
1918113297
2447490050
1246694086
3627840546
1700442693
2965974658
2916615258
1063231087
75012049
1676198843
739826775
2962294523
1111398065
940257740
1002226350
1758410784
2870688873
2197777377
2608105466
730442155
258106178
3425891751
1494304644
2812664893
4210035618
1746582840
2744252396
1922810777
1224060473
425732908
2901540735
440383516
1014450874
4079914804
1915838296
2331507294
708596576
4030025017
199376734
4186229542
1675941370
75466989
588900095
86420660
1691386801
3499965683
1455501898
2106080154
729117614
1018393813
3240791963
3333715891
202446906
4134550088
761107853
2162546205
1683660615
2930574971
1673101169
1067167941
1094564272
3440738788
1142295754
1139518686
1962245925
195994839
[*] Stopped process '/usr/bin/nc' (pid 746)
