[x] Starting local process '/usr/bin/nc'
[+] Starting local process '/usr/bin/nc': pid 754
b'Please input your token: '>
1881134142
3079515437
3086588389
1541373153
3327788257
1325648335
3186806768
1777453361
2471258993
3026319160
1891286029
4028326180
3579414602
1484429494
274827430
3514792029
2638675615
185878406
3564967278
1750717769
3217412830
2905816091
3760575693
114121491
2996361977
1898681876
4278831598
1454538344
2020467664
362499218
3962515950
3367830647
3631089033
85525275
253102001
2350846791
2840989526
3750802318
3582906040
2154631320
1086270186
1867175214
3372981516
3962816332
3687859765
526148184
1352656826
2713296611
2178171507
356777817
573050435
4008287039
1883324687
1183350737
361817609
285526189
3707696962
3596227129
1601387492
618318830
316067878
4183200047
3339816216
2725461154
3906573883
2196342673
3190917014
3600786439
396723037
1851199866
725253734
2049754477
3380318185
444078955
2569477392
701191042
478364453
1655695456
2219826258
483197533
3226934082
2495030128
1353264545
2895660198
1293376936
2853769738
862863585
3735626992
72295516
3887149353
904668316
3989796362
2310847986
2009709362
3587551165
4087616874
3354898742
2685865083
3368866405
9022412
468180942
4260836510
707110207
3397596045
3314373191
178649074
3970748284
3174025442
1408389329
3004849299
1391095227
2508889522
1996399152
3062721172
4118295345
3587843275
974060895
3218274124
1345685945
2707272556
311893759
835315633
755312677
653867625
4008017272
1745974300
1030237782
3690603413
[*] Stopped process '/usr/bin/nc' (pid 754)
