[x] Starting local process '/usr/bin/nc'
[+] Starting local process '/usr/bin/nc': pid 759
b'Please input your token: '>
1720325877
1825053165
4274623677
2516059263
4127973398
1352271216
2667790720
1258247864
3398512286
699365199
1258092267
2216420540
357264806
2485207048
671540647
928189474
1835354043
1812965750
984538250
3718776306
2539368526
841138583
3275956596
3630608921
3357190944
1364428649
2966743757
3133585040
3933319286
2527713470
1015951765
840772962
253783593
1487500950
1390707341
2667434481
3048704820
3095238207
3633798408
1712037647
2312673459
303717908
676759247
4292235153
1426235334
1603026465
608888490
2373097027
1665413283
985765719
155206267
3291918086
3900669932
2497774738
443182955
2556583828
589312891
2844982833
2240276061
338882589
2099009040
1522199162
4274482382
3346552289
260472041
2342789171
876623397
1077031185
275008032
1392575339
1237079450
2756121976
1002603711
2622556794
4287915511
1301469854
1457972305
2364747094
2685467420
1515320397
2625161978
272612894
1499325823
131363038
2971504423
2556363364
252135988
2948063539
1132213384
3058730667
1852837587
2075160979
384132809
3497006178
674231934
1224891823
1783100563
2264663490
364772554
4083084845
1919889220
3851380765
2479935055
4159823667
408484637
3579021193
2437689710
2020671816
2564644189
2625269379
2291830393
783111634
2803866425
3414366594
4158423368
3990335513
374460127
3595054967
656331725
2594672763
1453559330
3495325379
3488129912
1097200854
1874268871
2016317401
3381084792
847968037
[*] Stopped process '/usr/bin/nc' (pid 759)
