[x] Starting local process '/usr/bin/nc'
[+] Starting local process '/usr/bin/nc': pid 766
b'Please input your token: '>
2692391394
1811752733
3316148663
3796849965
3795002703
482729369
868196336
2185417644
245303040
1563342511
642349491
813501800
3406397070
890382072
961789054
782124212
4035389952
1399953644
2071009752
3718424052
3687413254
4233103244
676164503
4228813059
2402891986
3046660096
61211126
179886523
3344273818
310096228
4180629281
3097538522
3697422594
1731342210
3109253305
2844891675
3197771105
2433719667
4143259307
2526595378
2818285484
3562936088
2428515650
1393784983
1149278640
713190430
3504769769
2953968123
3795732012
1878783719
1656514565
378084063
838984901
61259236
2764670454
3919149137
4067625403
1339239069
1130860397
1969449965
106467930
303252548
3535397362
1506112337
3225733873
824615858
1889091582
3518883619
349220801
623004958
1002321449
908204987
1369801704
1692086571
1076888871
2981991334
621304542
225259691
4037522257
169250902
3891332597
3479537939
1686662173
4201767175
2929122976
1634476392
1058168329
3717123037
2573329911
900607889
3727824964
2937292873
2617034454
2317813543
2952703572
1847614891
198352310
2286839858
269141326
1867023102
3665050913
1613320420
4213991761
2833177983
125885882
3926639041
3472990192
3555199058
414975937
2878933861
1554231513
400584004
103192305
3822197750
2148429359
3329837393
641623189
3476736572
2276872896
2414776616
218204546
339228070
404240015
1666493018
111082382
1251036189
3677288028
2538927616
[*] Stopped process '/usr/bin/nc' (pid 766)
