[x] Starting local process '/usr/bin/nc'
[+] Starting local process '/usr/bin/nc': pid 773
b'Please input your token: '>
1113997419
792429512
3734855471
3999471382
1144081801
4231319623
529706019
1373954636
2748926516
1769789670
3939823459
1707401363
2734307165
272745342
3935153793
3271830184
4249420405
320702021
1940034632
2717441777
3289734037
343248430
2832900246
3591358592
1848021998
3263860305
2950594354
759054431
206294262
3099898801
691709707
338879685
3349235392
1389561060
3027330697
391262149
1451819671
2358472155
508422177
3278032278
2016217996
895107553
2084509839
52099683
88734284
2231075897
2431943784
1159312932
1069570094
4066719397
3863371925
3796178027
799224555
1915211069
2765858301
863386003
3916330641
1511374250
2137399326
1157474805
718244162
1609459033
1753573647
174192544
3092524364
1344453317
1597202415
4137511360
4161409949
1304155573
151007870
534988122
1648630764
200448747
252415233
1878837972
935323586
682983154
3484648731
472084715
2477779449
1428515416
3445585361
552340089
3478495579
722035816
3266066155
3361607935
338962152
1422957237
3987902803
2447983215
1990007314
3662214788
241645087
1073180836
398535738
165651256
1842189815
827328907
2115363182
4177928362
408392274
3138296235
2626826636
4177403522
2206043689
2219788325
1509382404
784081437
2486147640
1090433392
1352423638
4085589454
1225401960
3367786074
2855919333
2398712800
1284234256
1717112059
709834283
43646037
790320132
2827838106
3370166277
304457104
325644921
2499417110
[*] Stopped process '/usr/bin/nc' (pid 773)
