[x] Starting local process '/usr/bin/nc'
[+] Starting local process '/usr/bin/nc': pid 422
b'Please input your token: '>
1340540291
2394977763
3235602876
2613399485
3665251348
3059635499
2306585471
207202845
542172512
3515044612
19801050
3306440741
1160606665
2298638359
1496352070
2277150659
3203219922
3760084903
585585442
95284780
3662573310
3265075589
223840082
1114185486
2512730536
1966774670
1658053247
3283826121
1287029133
3408360455
1621705701
2460549151
1695678938
205286143
2277180080
1385960734
2428921096
1185693487
425643181
3449275802
1977034356
2704145099
3212547618
2899737415
1320876680
2272234870
2706357036
1076973962
1065800930
204916816
4152186668
1321901098
1228853920
158726056
1827382093
3552583862
620691747
3100087879
2381713588
219688216
3090668204
3517570581
3315866440
2222309230
1011832239
3039675830
3428883145
2428432586
1710646329
2615513545
2985491198
78203910
1833436694
563603633
4029593733
1930568040
3497636493
2936951639
3035082026
3680260147
359427206
2565773539
2473574355
4261555063
1753266019
950825601
3830973708
4051835843
1942468004
453775835
430455321
3241969790
4175274052
1280815181
1968470055
2676615606
2040102319
1721913931
1339829983
666302792
933687796
3940555129
908314867
4117881679
3225276459
1146538187
1062347862
1407682461
232278201
924067953
409905648
2121066039
3327382969
1087084801
3579987194
3017497220
2069641804
2069708741
2939665993
339241589
161971629
4255371144
762812234
1297792195
3674434607
492641398
3903032092
1733761226
[*] Stopped process '/usr/bin/nc' (pid 422)
