[x] Starting local process '/usr/bin/nc'
[+] Starting local process '/usr/bin/nc': pid 777
b'Please input your token: '>
3327661577
1716279328
1987428016
1043854478
2612024127
305371331
2586588113
494151199
2155580842
675589193
141071132
4069063417
1621879415
1163899919
2805183494
3024128812
898559401
167619480
888002890
4133923325
1651183727
3828059423
4134943732
4292516016
665787418
1527739564
4227536520
964580391
407441724
2841608281
3689153610
3262012599
511707918
4159070532
1271206498
221596714
1413546007
342887567
1269119408
3658482554
107052012
146565226
729256391
3085651
602936486
3079108937
2194961876
1599733983
3470242714
310952023
2658719346
3796011776
3719522531
229412287
2875402010
2559912306
1072849820
3164841715
956815699
2038447025
1389237724
3476679876
2110715768
651566506
3124527236
1511397109
574791496
1017378716
4020515140
4141694220
693718692
523126092
1015642677
282224515
1687120186
791083110
1635408495
3478308071
4264379653
1104118052
1830290829
432763496
3436306063
3206103570
3076359864
1004843344
3823210097
3565516117
4129475132
3116917726
3959786725
2057866047
3145015038
2891214178
1006583776
1030831535
3176572165
2165204570
884023025
900086943
2047473274
1339305548
512736128
3376060906
3976359176
821896513
4215774731
1520340805
2042551033
4286895364
1439921107
2419759444
1808615123
238136755
2432743911
2207161419
3616024206
4046054143
1918814124
1705958729
3374603283
1368812571
1158728098
1741300392
2347287495
1560955187
2338313381
3398505746
[*] Stopped process '/usr/bin/nc' (pid 777)
