[x] Starting local process '/usr/bin/nc'
[+] Starting local process '/usr/bin/nc': pid 784
b'Please input your token: '>
836498717
2119747846
2426126594
3978234537
4088166918
3380995565
1334447955
1132096674
3511978256
2983303381
654294536
3231360662
485921978
1512284388
3108428300
3022601482
3958679449
3003153754
166031098
1208800001
2568207350
954687761
833937110
2120028883
3135232899
1986778031
3682076332
1180880739
3238502146
776987823
780608538
4120779448
662898235
4082084356
2230586493
3314353047
2118305962
3601665263
4251330084
3304588257
2589448826
2889297386
789722101
2647080363
4176567568
36272231
3475306086
3688991707
521686672
2579343940
1972166513
3611281030
2020995363
2738399637
2053282381
3011701767
3547906881
2140754199
2177735686
410433493
2431773627
3974209328
2471871550
3241211696
2697575856
2695904578
2477234806
1673422479
1650711545
2180387616
1285547027
3242220577
3676336515
2952242749
597463008
1342512246
1385414436
1275114339
2884434146
1420290868
3705917712
1396812913
3896626845
1864697405
2798710031
283715145
1303052501
2759262300
4037107481
338517121
2087758636
2894905569
2623931806
4226498333
1260312374
3361609085
877219919
171944046
1503448372
1023645505
3349748599
1020245941
250200037
1914781002
2325745337
2382829036
692096695
432819426
3064724285
374596287
514910157
1167089217
4275761117
3248396251
1712075822
1069162537
3833309518
3884123807
4103721117
1557355409
630412917
1497251966
3267417115
313094284
3425643922
1682557626
395142413
1734977476
[*] Stopped process '/usr/bin/nc' (pid 784)
