[x] Starting local process '/usr/bin/nc'
[+] Starting local process '/usr/bin/nc': pid 792
b'Please input your token: '>
1002485159
616239200
1325026560
2119364765
2994714411
2447096314
640402240
655207165
3160317936
445386933
332578560
2711574501
497616481
27138668
705132092
1736381711
213269305
4257147801
4155674074
956951618
1060139196
808707078
2427737136
665011794
197532411
1618778197
3407078560
2892921632
2198282093
1044949350
4111174545
3435726100
395721280
1014062091
4239551890
756565522
2629484153
2982999435
4012271251
3165050299
3428572592
2011073778
2403600579
91623916
3135850310
1665356159
2481366331
100153071
779350598
1890837626
2894867775
1652240215
2078122962
1151916420
2520812210
1044319511
296486074
582023627
4095572973
2150627549
1227304102
1386273538
2641253973
1591865275
430561696
509812014
3834007864
2778637113
459877387
3988243522
343488848
1949819019
2553490751
192278416
91362220
3634755518
2972025469
3256563859
433819441
700595368
3849749130
3267916615
1695256049
1184754026
1618489382
3638245460
1865340197
745637476
2291879486
3315822724
678846240
3121170955
1507855493
2103641156
925507735
1838374967
27262490
740274335
2675811377
108379881
238055691
1744387679
428937050
1732523008
694479317
4096951602
3114572785
946595226
3433132025
3987284357
120541129
1128912831
3519411254
1686195767
1734568360
1544611864
1369041521
2334087785
3478177453
1742936622
425185109
2947035439
2894067551
619700564
3638683282
2625823679
2514564456
365331401
[*] Stopped process '/usr/bin/nc' (pid 792)
