[x] Starting local process '/usr/bin/nc'
[+] Starting local process '/usr/bin/nc': pid 815
b'Please input your token: '>
1238169804
1669525100
4197233732
2433735926
1184759401
3825139770
3864665708
2370713009
457693098
3803157807
2497330830
1728998168
583235864
3580046243
3938087539
3070306483
1111665651
2350594690
1167883139
587713282
1629954055
4055457277
81401701
2022006779
1775891884
1832772623
1262795555
407340309
3507868609
2224377673
2031615967
3501478912
2980673018
3486549219
1050878063
348123033
2773329011
2460915726
319482146
2850817852
2206148458
4289417002
989997787
3933159237
796024267
3402734776
4290262604
2091122434
2378934133
526850318
849510022
1817524274
3607568232
4141071366
3423988939
596078297
413087919
1689651663
2888141089
2686880162
3928181146
3651216675
2953758511
1247020284
3167857300
3782542540
1224953961
4014493573
4060925181
642922242
1876319857
2897465074
2848265415
1646046222
864462501
817611244
4065067052
906758602
1679042515
2522630056
3723471003
213247075
3925977530
1190982030
1808763187
616152273
3389914516
2627632733
1712308030
75117423
3929621740
21322048
1628023385
1966095351
4206446633
2316714546
2906305182
4092412634
3839548336
2099939547
2831742934
215504822
665940519
2420082074
127577979
392314817
228911403
910696854
2741821230
2710921573
2855273386
4093576144
3056711555
868438227
3593464163
3620692525
2973873300
2114287073
2561867324
154091660
2944550726
2528475682
3779434248
1467132336
1696512544
3537649392
2296939231
1293122727
[*] Stopped process '/usr/bin/nc' (pid 815)
