[x] Starting local process '/usr/bin/nc'
[+] Starting local process '/usr/bin/nc': pid 819
b'Please input your token: '>
2277023242
1707840132
3603889627
3318163040
3254318716
3936444926
2113109267
3900814994
1058394780
3548842856
4175130862
198469535
3805021897
956596559
3936635804
592220615
2701874473
1700910764
3664911985
959869946
210894327
2356381023
3065807757
139189062
1165121501
3909292013
3899010232
1186217975
413738810
689186184
3428918129
3662490291
1288760039
1016896149
242904562
2325499954
49188478
3030567913
1690788540
4117229182
1515493936
1278168514
3698504162
1437729829
1007877668
3455499613
46166368
3082680229
3112177397
2481423212
1511510033
3572178126
3124185791
2141666785
2414529302
3042306208
4169598267
111700764
797530046
3365723981
2359533845
4270603952
3841480865
2273762632
1810113821
945598980
3263368343
2383661311
1543616464
2500551087
4162894449
2902031894
2159677329
3708446410
940600778
209631388
2124306710
2631321795
2281434777
93943385
664100729
2664282921
2113505966
1333220174
2076670381
3163537726
278421484
2438370625
4010939084
1030539810
3456591043
103383241
3602228719
503429240
3543779775
3464854306
578869682
2655961221
1062698574
413079014
200614658
399080812
3647857252
1982056930
850956842
2247955559
291676618
624479212
2540815629
2175022232
4199753639
3250354172
3882955826
3801687404
2378631410
2270542696
2681925322
335271484
3930770037
3639445352
3173639867
2619215646
951116073
3246966659
3579003071
2023272932
1480482078
281455273
[*] Stopped process '/usr/bin/nc' (pid 819)
