[x] Starting local process '/usr/bin/nc'
[+] Starting local process '/usr/bin/nc': pid 823
b'Please input your token: '>
854799852
2622626524
952509548
12083010
2019030243
3978794797
741704119
3731406364
774857657
1492798713
2123412684
3421452791
352811813
49467434
1823963314
226058259
1915489260
3463362169
1706647187
3223150174
492300090
3308571940
115157075
2260829509
2854708450
1824759840
3764669858
3829336180
1102217533
476527579
1585350610
1150876129
2042142843
1734762801
4089492702
530959313
571758331
3820534621
2715404906
2364420378
4067542488
2369947548
3510204542
3535455935
2378946857
3787030193
2962675225
2230228141
427621442
1940344733
1872695567
3167224575
3293281537
1134448938
3643643176
2276883920
2928898854
1022842814
3135612798
4283046240
3198889898
3588665805
3439899657
2566181142
1162544760
87567337
3991333755
1525218820
813057011
327256885
2602372184
2156586586
3603134390
2055297987
4238643200
2719495107
1943553698
2875274875
4293265328
1186636963
895879058
510138485
3486460904
4268222852
4234255787
1248341723
2460009220
2652814777
1817815100
3996559026
881125922
4088463190
609451773
4216750596
1458118579
1000568436
3310568839
4008359784
2614222402
2090732494
1881812291
2120873151
1164357252
2064992477
592355609
1742629629
2643147944
3864611585
3505190701
3967030502
1572270826
2595818244
1388135487
885246310
1998809961
3138077252
3375703636
3330511443
1075537936
186323783
2032580107
1223625014
3240150566
1549800293
1814677673
3900586865
786465219
1879603516
[*] Stopped process '/usr/bin/nc' (pid 823)
