[x] Starting local process '/usr/bin/nc'
[+] Starting local process '/usr/bin/nc': pid 827
b'Please input your token: '>
429066148
2328087535
1906616119
585668848
2932540442
3008180303
1110427115
2663314584
1420967514
2167085447
1098449965
1812284047
1189521513
1681109660
2382718268
1694478732
2998273689
925405543
1896984433
1967157308
2764736601
3220843988
3248474252
3224548147
963581028
3867190909
1825996713
699996053
1262789642
2683176537
1758555367
917229242
4165423131
2788434649
791178870
2630202568
2255316795
685405152
1356909460
3981371627
2492194273
2000491431
1969503946
2222428672
1824501800
3318223500
1664928737
1140488248
4194767921
3043916981
2399446816
480100333
2158611050
3713484875
4197836527
1350010756
1353671573
2909923275
1979434565
1755016572
3742289047
3213921104
1495782748
43712555
2515517475
2741650711
705154550
816165434
4221389588
987279943
4264797176
2638301553
3676833364
4084667503
2131062001
2624194575
39381373
1958157231
709528530
1684736241
1291183371
352886049
2382593191
2387331803
3758373957
350854490
2536531578
832177474
2371433412
1320720837
2368196298
4119860037
1082186516
1874659904
2279628660
1232510538
1993785977
1317848102
1038477086
966350927
31068900
3373951929
4063786786
3681210687
410080864
2240417171
4238783281
3652617055
1773935496
708486638
3336137700
1011529300
4248478980
1151749959
1961880355
2672051137
2641826427
1986637040
2630021955
1348419064
3674800961
461129943
4098007801
419668564
804037422
1602698616
90928240
2724386275
[*] Stopped process '/usr/bin/nc' (pid 827)
