[x] Starting local process '/usr/bin/nc'
[+] Starting local process '/usr/bin/nc': pid 850
b'Please input your token: '>
162779137
1522574027
2882517833
1372058957
3938255379
386480289
650184378
2027862611
2256682790
2057638200
2461507112
2092342465
1882054345
2032431042
657648790
1331042382
2692392588
620148147
2148783650
2572197822
1526693632
3695089983
1970551166
2783210060
1209439772
2266461281
3742586931
689116927
95533108
3885903112
3271422965
1455225917
458924864
1048335795
419979716
3617186692
3013586664
4169194178
2617899096
3111234973
2760190678
2225875708
2617371462
3347151746
2221129496
2494042365
2523593766
2312159282
551575952
3542139454
4023590592
1680118485
2200471641
555976423
1378471147
3695831009
3141152097
2510148176
2912081786
1317559871
4009762402
1077241758
4106101610
2182822871
833261897
2452892110
3996958227
2773641908
420532685
3665085965
3821827607
709397679
1365582049
871982584
4058501845
27208456
818849531
1033782925
3823219517
2917903527
2439830545
913127194
172677176
150924005
2348847559
3807664998
3135716346
1345195878
4127824084
2990290202
172203551
24364708
3729821188
3371504529
1709371034
4246353417
1868366105
4006558885
1450401205
3851569420
706890877
1534592149
4126985521
3495737018
2607178619
3297071163
689919917
177070094
207880410
2407183332
2219521243
1109012613
1820232460
2608183279
2968131650
3446017471
2834776983
3046203671
3320191669
639264135
1518801500
3091525617
3157261987
406032395
276805987
739213747
141098112
2669814065
[*] Stopped process '/usr/bin/nc' (pid 850)
