[x] Starting local process '/usr/bin/nc'
[+] Starting local process '/usr/bin/nc': pid 854
b'Please input your token: '>
2748532095
691490983
2572246310
1405166927
2410462316
2286149451
3571454107
1238898717
715862204
1001701067
1715386957
1264962524
3491755214
2658213600
4277423653
1257003593
2052415764
2464828879
2385046555
2054062300
853124203
4282569279
3565786959
3782827421
2097179538
1032986515
1108935287
364163591
351110719
2080500303
719953472
3677182984
1146766290
2144241596
1330811404
964670090
55433896
4093820195
1649124400
2615610118
3347863030
3378673129
4273616443
366890182
3662310576
1840819240
2781321987
395374660
2250072867
1012662626
293362550
836006772
3213847835
424555756
4045505559
1428640382
344701526
2317599368
3457686869
4148405260
1134059604
1067285903
3771699715
996933779
51401491
2319132431
20953678
3199206467
751645333
219895409
659499383
1923744885
4183743379
3493554021
3609506776
601459072
882015368
3579688610
1033615437
2620248739
2270192058
3542205379
349777222
2937944338
2130687190
84501768
3972314556
3285480973
482440495
517863754
3456179311
2801980893
3063460191
2068790481
2243906674
700765961
1637734788
1881998488
1584583179
3523686020
3687216066
2747579331
1590566340
3324426315
2903183182
3337703018
2968960772
1477129401
3006964755
125621570
4233165061
1659956364
1935177770
1480655711
3711536207
2786455923
3277294569
2495010631
560240741
3589239365
939251777
1581516508
3308045523
3607218996
1260981708
3033016560
3062791130
1691638604
[*] Stopped process '/usr/bin/nc' (pid 854)
