[x] Starting local process '/usr/bin/nc'
[+] Starting local process '/usr/bin/nc': pid 870
b'Please input your token: '>
1198211677
3470733506
2700147847
1651138223
1639006293
897559875
1475960977
2923289116
1328105908
2648990322
990745823
3378501198
2453178721
592519618
2848364186
845113632
209144252
2696855418
1036990423
278032392
997856492
4059462785
2015769477
2420054343
4007149567
3132134014
203020130
1813157631
844606818
2493426742
2097872529
4260990132
4229192465
177007227
588707283
2411267545
2475477152
944900794
2732725382
1404269125
4155468071
1304890753
408320971
476375241
2011790098
3547435187
3949985828
3164618976
1241470664
943311907
611709028
2245883814
2821177276
4248870495
2188775902
8008393
2603450211
1249878333
3065498959
3221035851
3759595608
39795089
3144802769
3877081156
1830080182
4158588000
821434702
4265917152
4075077210
883390674
2119905372
2146196824
204932847
118439625
4159137203
1188223438
3609513781
3022310518
232516209
2066319083
3745773475
697763889
934957057
507126365
3179251516
1295197732
2923622632
1856218379
3803982209
236518770
2677857363
1639271969
3771195365
1074079688
110876559
1355535104
503174800
3065980926
2329147553
2781808267
2321502767
1908000766
3046834255
1049387196
2813370621
1244560517
3176987177
1861637685
1739685553
1711002721
181146587
4082525824
137208991
2326531506
3613690237
4213488076
4255792106
1428307123
3767679750
3214291721
4035648849
2201105396
2276308381
3983685571
3660683296
1514562931
3475754503
1810139244
[*] Stopped process '/usr/bin/nc' (pid 870)
