[x] Starting local process '/usr/bin/nc'
[+] Starting local process '/usr/bin/nc': pid 435
b'Please input your token: '>
1207888401
1725015818
96775538
924351688
2147403761
677805250
2836428174
2795560147
683749460
1400101317
1337385720
575032315
594084073
156311640
963232071
1183184790
1092026211
3875820667
4251269036
3856361396
792245261
420305432
3748475890
57191428
124013852
3772036494
706898846
57924351
1462332222
4252762689
2627313145
1896932745
2926558182
2835143404
3557835400
1438569328
2017110293
528575970
4071955285
3939624353
3271109615
471555791
1516942696
324322059
3325422352
323660922
2287626097
3495755160
135057505
211597684
603263316
2806512867
2878257301
2180837613
172772199
4023333911
1698329818
2527689487
545602354
1266660306
3831806608
3252978145
3462117655
2473421139
2139558996
2104632813
404269022
1279249851
3385588924
3956712887
3876705610
3615897184
1715900202
1925085789
3869296113
1246857689
2552562172
3662701742
1170816909
1906366687
128074644
1783791861
2668659727
2649025107
1481451709
1311761286
2783499883
1102678750
746978730
3682453983
4261850271
2535149948
2876209854
3956543995
3265769743
1086521543
1996372413
3127921757
1878886396
2788096851
3158869999
87956124
1473445958
561526574
4212420377
1545107793
3864202470
1359632730
2534558428
2389175666
1163956629
3359374807
284125961
3236248461
3628426274
3847742359
2918585754
4119316732
1273867750
1807174045
2607133241
3912903374
1677122772
2476990598
3986676244
4046738669
336894158
934727868
[*] Stopped process '/usr/bin/nc' (pid 435)
