[x] Starting local process '/usr/bin/nc'
[+] Starting local process '/usr/bin/nc': pid 874
b'Please input your token: '>
3443154109
2578357718
2161329575
914099782
2557385348
7517125
3821138823
4171093889
386637420
313589004
3812158642
1162035596
3663193482
1754412998
3508273981
3460990350
3570434230
65274898
2917476988
301297624
777073970
3416075157
4223508689
697887806
915891795
2460952602
3549110294
3730970816
4251289923
2164893962
1506834158
6077328
2546746504
4076358194
3940699439
3803165234
1417745488
43117120
2622411769
3974589307
1845542506
3463827208
3297257120
3859320850
4160261642
3754877277
1604901856
2250128571
2657443082
1592929024
2151404481
2051840745
3996602552
1914850291
4139325859
3231894105
734661167
962433931
2150311015
313867268
250274554
1962684232
3091372409
4271889614
3559780413
372326600
3392987539
736713726
2406339504
3723555550
2954103886
2503995053
2767594139
2333656826
2518002631
3944147664
4056100161
3625039482
72762100
2896847499
2243139310
2831842625
738101243
1512260497
2984777992
3843785567
3677128277
2360941449
2674217663
3971099959
2686222236
2361103480
1869207875
1059620283
3043052570
1979178743
3399188198
431222410
3382988207
2044080785
697407783
3220055934
2512447725
3997458706
2945119410
3916363548
3346530858
2803297987
1858201085
1257356410
4950878
2308776670
4232527980
741659412
829668042
3910287515
783326009
1371822503
3932704440
566990802
3856669050
2548910200
3401931887
790180082
2277474580
1986302785
689699382
3261049002
[*] Stopped process '/usr/bin/nc' (pid 874)
