[x] Starting local process '/usr/bin/nc'
[+] Starting local process '/usr/bin/nc': pid 878
b'Please input your token: '>
3936464203
2571486696
2820781385
1661901249
1474384153
2746725094
3414193717
4021150845
3000225163
3819124282
3550524643
2887820891
1809849424
1731355061
53922385
2471476762
875504420
3822794533
860933349
1561381250
3965866814
3300769071
872330736
3898281521
3888549132
1131786858
342484853
3640672038
1706022097
2565945342
846742350
423012055
4215112606
973218351
1730811808
2944725215
142415741
1322661444
2269695015
1275064795
1924202117
74760909
1648889390
2595084715
2715998681
1654989548
1931532002
1728273637
2033088698
3938913536
1711811977
2620063272
2264572622
2993526658
3169676581
1759990529
3902003597
964087767
1635900523
1761312852
972169105
2466514260
2984274875
4075903455
445647198
1756621136
1568986235
3642704032
1282464184
1381841619
201132987
314261312
3920150398
1641996467
3453433071
775363981
57703930
644797147
3459525814
2935604055
3208371179
3931239312
1029714466
2321691756
2009964272
2532031963
491141800
1041966393
1541919106
4100820172
1142043458
63625523
3622527013
2713908641
1857992100
515856488
1272100476
3321437777
1746655210
3312807026
3384735795
487259619
1932148677
990185032
3626108493
3547783356
1871979358
149916639
448564991
3751941859
3222042397
2489288967
872282174
364071715
3618586010
2662790042
1159544400
3270836051
3390170203
237561596
4140309154
1070927997
1004039891
2828324127
2082258141
1982902
2255959186
1239176323
[*] Stopped process '/usr/bin/nc' (pid 878)
