[x] Starting local process '/usr/bin/nc'
[+] Starting local process '/usr/bin/nc': pid 1030
b'Please input your token: '>
978571794
3719403554
902176048
3338404102
3210094951
4020737462
1026686608
1832119371
2221382688
1032787905
481377666
4042156226
1812775758
1437740169
495306892
177474576
1995691908
1041595648
4211468279
1181902362
3878937800
1227922759
2991392109
2056280124
1330223860
2682904690
2523051770
2686410185
371359260
2974342362
2453063743
262645129
1710850370
1574334681
3547912934
3920570873
928673
1390548910
2812584781
3655744737
3543906812
3551520842
704585276
25615319
3967634367
3448956931
3984457529
3697247316
2643143709
2776714920
2166101282
1250096749
3124880688
3027282577
3021052601
2353046321
1304320387
2194231307
2699828297
2403839553
2491941676
386895540
1224449356
1077811150
4024865993
3008112800
379136425
3011808647
853345278
1548041850
2372818204
3363817104
311122485
2730307057
1765480889
658681055
1714655348
2665573911
308166098
3170310296
1508289168
1720961108
1713775039
4001398840
2537719677
101859255
2160530080
925556361
3344540742
406669495
3005616164
570606526
1098284045
3706404070
904495363
2770786693
3248276368
3661304061
4115007658
553009181
2020388485
1103859974
3588673719
643075305
2363444823
657258357
3289954397
3970237163
2306503111
1811556550
3545240939
1559482350
822758011
960940658
3921434168
2022966343
2475209436
721416744
3189202188
1826959838
1102461446
3937118674
454950794
3554289834
517708572
672560413
1488841101
3987312444
[*] Stopped process '/usr/bin/nc' (pid 1030)
