[x] Starting local process '/usr/bin/nc'
[+] Starting local process '/usr/bin/nc': pid 1034
b'Please input your token: '>
268170278
2719843661
3273755616
258400005
23913220
2701775369
3117776266
3486059526
3517691350
2520212513
763981667
2781881902
1140716170
2638346610
913660482
2506866973
723507796
3355190740
1828214282
4060283928
2860319434
3982886226
1667411315
1743053105
3216813128
179774109
3683285338
491372111
2680201140
1930730698
1102437811
1767650507
2766797613
4118571215
53791119
3547161495
1213725278
1121337063
3634322977
1034670034
787549626
1645548901
3889422893
870601184
756189917
3192470591
1124051905
2210668178
829011161
621637008
2744119392
2174991117
1916468177
286012382
4150484141
3572810341
2191605475
3407368488
3655330772
873078702
2258152049
447340634
10453279
3002341639
43653695
591964419
2392920610
3914586980
1900651157
3402838673
1384714922
1818433072
3843467019
2359890902
3664103599
2037083166
3736237266
3753256178
1977579055
1321927595
2708092320
1705872739
1195038365
1216798508
4072244044
4288687720
3580186051
3970694169
2721809507
4266984853
1174264485
510104280
748599620
2477182830
4032465605
1575661216
273748391
3571402744
3653819135
3678944260
1944709932
1735307367
151061877
1093616128
3811225858
1098243011
3295989427
984707401
3253098619
3749688219
490483467
2329796261
634239840
2907453554
2429920500
3669380585
1144114285
2756761757
1917314400
4074041042
1556972592
2056572612
1738358824
1291310829
3419837121
2544519748
1561502938
2504602139
[*] Stopped process '/usr/bin/nc' (pid 1034)
