[x] Starting local process '/usr/bin/nc'
[+] Starting local process '/usr/bin/nc': pid 1050
b'Please input your token: '>
3744317607
1920731453
3934630830
1700777388
1528504913
2111084389
53540077
1560818636
438364467
919177520
3488637736
3234213596
1436236682
1264227790
3866840256
1514709418
1712740821
3260486006
931617329
3843309586
2770692349
2450176790
2811329449
1001035826
2418658173
3023033906
3917408993
314017768
3773295611
683953051
951913734
2760956745
1778086383
4109607179
834942657
2053238843
3445109273
1860283404
2319389614
1128200352
3020290720
1817465469
1593729337
3514366143
2944527208
367660663
2157401476
173345676
3541774967
109400021
2303782558
3326962901
49171101
1269924068
2824195071
1171201729
79681174
3301624634
3945535845
3809163152
3421701882
1313543254
3565957942
2424379694
370791497
3935828455
3457882684
2646631428
4164115580
85401667
745286932
3772077431
1497850377
2486756691
2571683799
2300575315
592827141
1480858215
2191864558
2990021101
2917536204
2152793996
2814182948
1171191934
3638767049
25243601
3139903450
68231688
2913969431
910572221
3230695783
3560211396
3985407755
4026949984
2679666446
1604765168
1724827723
903849073
1764786671
3438077291
2453458857
3328556424
3941155704
4074108208
2899952283
2014161695
2717248221
3330800662
1501027686
1714736742
1462482211
3386067739
1070623536
1998496041
3976713470
4064026969
3221510487
4015686351
2177201392
3461634932
1857190594
4096734050
3366724260
1448115904
4261020674
354353025
1969900736
2753875405
[*] Stopped process '/usr/bin/nc' (pid 1050)
