[x] Starting local process '/usr/bin/nc'
[+] Starting local process '/usr/bin/nc': pid 1066
b'Please input your token: '>
3437910039
396779955
324154961
2676217641
2186719304
2188249625
67341192
3624596639
2071078402
1724897931
1900082264
3242188779
1569638029
3720914450
2766893056
964588197
2362060392
1555344845
753827067
125628856
698209439
1428567283
1220188455
52484725
1292537010
1623984697
822641388
1065203345
3127125595
3245707283
1936768966
665014353
640520139
3947960842
1510901746
1129549449
339200083
879290596
4130046988
3695320225
1913405214
857587007
3375973804
3512222857
3999564271
2666719534
2922006946
1750681161
578675100
3358321786
2424616773
2865204490
2037214559
2915225407
2570809534
4102316216
654472223
317216557
3416196662
4034737376
3517556075
3571996546
536271898
1008767076
3789129319
896372726
2104994637
866241480
2246791447
3888857386
1288904238
3668106398
388660706
3370828195
3711680019
523109719
4213510186
2066329091
2472143955
2391883327
3602577341
940693783
2532227317
2851918248
3680309096
1232545926
3664627602
2316349165
464858907
636661175
1936779463
3733008868
195878303
4106868607
3266387217
3134560890
2505946662
1071128971
643789160
3320935720
2624125579
2703146422
1326897065
1184492628
3583229556
4155052054
1898389689
2428826768
691253408
3621985645
580650550
1570592851
668595968
2737853412
3314300562
778419455
3407405578
1105123938
3991044620
2090641626
2667398845
2315489752
2194844468
477226837
3199719038
2299804670
3748636325
2995146091
[*] Stopped process '/usr/bin/nc' (pid 1066)
