[x] Starting local process '/usr/bin/nc'
[+] Starting local process '/usr/bin/nc': pid 1070
b'Please input your token: '>
582465906
127370107
4262039960
3414939057
3435651301
3861005867
687747156
1639692710
2801407647
1650594814
744105055
267939949
1252479322
1523064134
260802112
3099178058
1483536537
1629961142
1207624427
663507773
693508132
1784595852
321795869
2165651434
727305573
3021368003
2779065402
2736837198
69709572
2249230673
4104086757
2493441825
3179282831
490970829
1350184802
1672206113
1048139653
4102593188
1933566552
3849964590
541362605
1615550348
2625933910
1729543615
3887037869
3841370231
1560621525
2526189698
728496816
2029285384
151252978
3656790081
2736184621
1005056198
1968956175
3622798485
3933040626
2302299197
4035505547
758871174
4089079700
3039575614
3798469488
257198901
417950217
1745994608
2820661390
454865991
3926607065
1175456636
1758217063
2400041486
1990611615
1202222337
1320381721
1286162397
3256008435
2794952213
1397022836
869579434
3508533197
1100493629
2614958854
4145134626
2448777189
3397212298
3622454683
3450086907
3621581029
3038585891
1118178728
1331517253
2178472605
2938455025
4154672207
1357261334
437977220
3134010029
2884834926
4149427388
3457026357
1853338649
836924355
3989185918
1049559312
2153478278
806528338
3454415863
2391004904
235445697
2555371003
3068348087
585760462
2791923535
3669765542
550207195
963299985
3995155482
256456842
2767627120
3622103908
1504538703
2176759906
2267657988
341010651
454684965
180933082
4022963400
[*] Stopped process '/usr/bin/nc' (pid 1070)
