[x] Starting local process '/usr/bin/nc'
[+] Starting local process '/usr/bin/nc': pid 1074
b'Please input your token: '>
1082637609
427112099
3481118229
1253744674
2232390480
1684155858
1873119057
782344138
3306077204
1619792245
956207976
2817817534
2322481918
4105679373
657499874
1024213461
2562715242
2485444811
316611273
1543711720
1735730831
3428839394
3140535327
1819871783
839106880
3258008946
1736399049
62045249
3750705956
1648135414
251308222
4035615067
2917782213
3826042589
2877286758
3505318640
110706333
2003938506
1649517494
408160105
4099957984
3547150189
3731053807
974353164
2557652549
2861642435
935910924
3488849044
3558269410
3904360938
2068472457
2202507747
1850150868
4168685438
3716350204
2158307603
2482331506
2164186668
2481624795
141690877
2945019471
2606066690
652537739
1744943709
2871688066
4209839857
758300821
3141431837
2546375506
2377543061
634375128
414824038
1313057124
322086140
367735414
2115487790
3646949646
2662324557
1132259741
1067983229
4124840909
3683260102
1419638781
1353544010
2260588149
2203562132
4060791652
3136993699
3397239757
2996324862
1147738508
1022070554
3509181711
4263408292
530198034
1629637443
2786103277
1428719410
4046656823
2120171078
3878286944
1415650315
1567590916
2307022042
1746131801
20246446
2560567842
1196701895
2216390416
3774370230
2872344742
2400628046
1330327364
2651467615
3306645547
2249940008
3810322826
3379095159
1940123432
3813554289
3891742831
3693742384
1358474357
2474482771
816609064
2795292263
529356493
2866617546
[*] Stopped process '/usr/bin/nc' (pid 1074)
