[x] Starting local process '/usr/bin/nc'
[+] Starting local process '/usr/bin/nc': pid 1078
b'Please input your token: '>
4164881199
4071988569
1245478841
2624323609
4123990583
1060666521
1454709665
1651557863
3898813077
829420440
267104062
3895050923
1153095940
1672326200
3283401835
2057894954
3814623238
3876364227
2499551657
296496744
2958873178
3214761313
709154126
3239558
4098576071
2750374317
1778039422
262846126
406978070
3925964084
213075414
3474041981
2073215758
3022480875
1341708359
3779146002
1194594861
2213512370
2494156542
577677360
249055260
2630824800
3075329128
1160608030
3720817919
3509097814
2091096910
2125354357
1452377508
1972404344
950969117
2008988743
244222013
2958064198
1757743422
2674549096
1198067745
3272593815
3307077862
2986754155
2954754327
1489070131
3683149583
2508960049
1908607134
427234343
3930293192
3938794404
4180207483
2982839626
4220959832
1707223070
2291529116
2280050290
2705171899
1669071520
3237351288
933824957
3409935321
391647906
531100548
3916572351
2418562955
1853188897
3200443762
3289895943
4009577299
3121120972
3851893253
3096572521
1059383422
246258751
870274299
3078688207
845901330
3671758173
31858813
2204295873
2029038078
975576363
920198023
1188056963
2550430322
145808380
2239869642
2853725864
1163425122
2448162424
3707724285
3516833583
1578645535
455802572
3256304815
3593807542
822197821
2476665553
3197385111
888638611
1895090822
3446454082
795984078
619284950
4262010244
2614586797
4204266499
688466925
2105434748
1053167054
[*] Stopped process '/usr/bin/nc' (pid 1078)
