[x] Starting local process '/usr/bin/nc'
[+] Starting local process '/usr/bin/nc': pid 1082
b'Please input your token: '>
2452932682
3655019684
2847860016
2073740779
540652857
550852977
3653122550
1202043669
211780942
3451109951
1639390029
2950191279
285288246
2089006020
2595792053
1823211050
3849854242
3606075320
1340111468
83460338
979624961
211091752
997039322
3438678704
1082748109
2627899856
4213759620
4244197893
100498309
93073003
447134688
3803916795
4073052575
3465866766
1699343209
3973875218
2012248269
3340427362
1184465780
4201503623
1897833297
1358091689
2146547707
1434901745
2958517097
3045120044
2935325609
1938125625
94824674
3663643592
1658608411
4014338580
93111650
3929734695
146250601
741596205
3118649038
3677544245
1535568289
2512488436
2771027255
111785953
2047746443
3688955762
3499955761
3283249533
3668406924
1371748937
1377513953
2107833576
4026320591
2347891420
1997648152
4240599801
662110303
4159619177
3007714097
2811698866
909107273
3023106445
1803031843
1691989458
1126694514
2050690777
2315160478
270099710
1215629577
193307116
4106280037
462228243
1745778599
1679723368
1174493008
847958075
1327299694
72137753
1625718284
1203429790
2327399021
3737379683
2845546780
3701026411
341391855
624089696
2275587153
2745150818
4265763903
3202782364
2746495283
1070731889
2182355053
227647301
2824626424
3882889060
1348691408
686306086
1044559478
312197232
2841151186
2196511723
35422911
2657812282
1374333379
3210738284
288738422
3064008274
845895270
2686647668
[*] Stopped process '/usr/bin/nc' (pid 1082)
