[x] Starting local process '/usr/bin/nc'
[+] Starting local process '/usr/bin/nc': pid 439
b'Please input your token: '>
638682816
1651660258
2948959601
1776540537
1319764655
1860019236
1694841478
2168140663
3994400524
2885956782
586324968
3548343792
2522235168
4113416840
4242092536
834504027
296006421
2136029723
2431396349
3491956990
1582301713
3971341593
1669272094
2991287163
4003239425
3340703079
2798516686
3603390872
3081763688
2000602407
4030680814
2270637055
1304276301
1717267542
1140216392
493075373
2398042398
1198533644
2967004642
2972162385
1687744345
3241265907
1627069411
249094059
1132465331
2894685677
3128381066
788659919
4076320031
2687057909
19192350
3612994272
2105371491
2102715141
249809493
2836331232
1172862911
2621258186
1613704101
1729937540
1709694076
349753628
980662707
1419303225
4013528740
3887218829
1621133288
2846568312
3736824227
2549481044
2446252214
2690196093
799682996
3855567317
3712526891
31066600
2949953579
2346495252
560090262
2670243577
1807588005
1191753355
3261866043
1435922422
1052864683
3200223805
1519509511
1242990388
1086259775
1816401732
1984225774
1035418015
3032214499
2379863116
3387683915
554534756
155896721
3179739295
507598666
2931745871
2016539848
3434730222
2991930436
1781570096
2327350398
1002569648
1881303115
34234733
2556785038
2542699294
3978868483
3502902577
2433680271
1137679862
3852149643
315035497
761306772
384242011
2344207219
134708342
284037898
632209273
2201458997
2936486772
327977706
3911146895
3493071991
143242667
[*] Stopped process '/usr/bin/nc' (pid 439)
