[x] Starting local process '/usr/bin/nc'
[+] Starting local process '/usr/bin/nc': pid 1086
b'Please input your token: '>
742225602
268113453
798478351
2993319517
676555043
3374475450
1841349880
1820571459
1738268519
1262239263
2704571062
3560965581
766828908
2579337431
691385494
4159281943
4268440151
1962250770
4123425422
1093960009
1867989824
1574788245
1331958077
968983015
1942088439
3073712875
3355050260
3541361146
1730373955
2356963950
2888543880
2464590682
2538790230
2217494815
1405717291
1213846871
1277717569
2003185442
1538346436
1215393810
1046111602
2599705687
559105761
2436223094
2850246688
750043220
1405727670
1045365144
3802236172
4053780129
845421059
1038588553
2486736652
32971093
3206349649
4204373536
2739609781
3390310799
4109842713
2772743080
494504325
4194629037
1849644152
2863503143
1934076403
4187976607
1791114993
218272933
3768203359
1322492165
1830661446
1637381147
2069941078
3073932054
957717948
1626496995
1315084300
511372254
3476350857
986899814
3882390724
3325546255
1790612462
4209385620
2770528965
1238873273
3571511304
2261865419
1129134930
1851222065
4015067525
5241312
1455107564
891273673
134860035
3231042146
2267628421
1792534170
2562578093
571957150
1259587259
4067851800
469109230
3940351764
2041683060
186633560
3001734391
2929370529
3756885661
35974145
2920668139
3645318045
2592260324
1713652698
3992200367
776459622
540968163
4066176569
2489756803
2169627621
728095647
1458751660
2233892470
3914283910
3111165220
3914682605
1776709065
1238012493
[*] Stopped process '/usr/bin/nc' (pid 1086)
