[x] Starting local process '/usr/bin/nc'
[+] Starting local process '/usr/bin/nc': pid 1096
b'Please input your token: '>
232096034
2645175224
4094136360
1696067552
1234820187
4222761459
2754341709
1908133525
2087219155
1671519766
775486296
907384608
4096138383
3232060595
3545277281
873401403
2729395490
305499225
3245723184
1564813937
3492996487
3136943251
3218078154
2492488375
1990051909
2483463775
1442726954
1612584931
472460945
1657659492
2984717990
1706632621
2753143537
2396002190
1141946681
804050926
1657801231
3075027395
2317673621
3325648708
3246794245
1978216283
1034368069
2787845783
3236812028
700133952
2714568014
3546782811
1365532058
1602284255
927433344
4227827347
874489810
78916356
4065628403
3338901075
388347943
1495128676
3639785527
4213630433
2126518362
3435181291
1013393533
640413254
746583687
1072727250
3530407703
887456320
3635246695
2699664937
3966801451
4035121593
132441030
746849515
1139343003
2434393834
1604662660
52622872
3034588193
1808155903
3368066077
3511225851
3256103972
1245494598
1276713001
4243785866
951006011
2449681429
1893851574
3081719682
703691079
956339060
45845896
142527530
617480977
1285826374
2488935443
456479166
624797108
3381971270
4005194446
476474164
2731884833
3626828644
3134501662
3816955747
2001983753
2839135217
1242984300
2128242574
1948587566
596056740
1055615344
3099126101
1821958612
3572316261
1858606907
4146861206
1584346409
3305460105
1555231963
3593983167
1259305875
3620725695
114052992
1340803126
1550205050
1462537319
[*] Stopped process '/usr/bin/nc' (pid 1096)
