[x] Starting local process '/usr/bin/nc'
[+] Starting local process '/usr/bin/nc': pid 1100
b'Please input your token: '>
2567653300
4076215766
345273592
3985886537
3431639420
3470016055
273516297
976215245
3980162310
1116092866
1468004772
1112230758
1532908794
1628891556
2498852778
1880194710
587823529
1822481163
3695705569
3859159327
2113513579
2532726458
1427992038
1896946366
490941695
227488213
3629365462
1324727244
2700174285
3145047562
1608993031
569139243
4251612468
3384747520
3111790912
145965957
317703069
2800052890
614391397
1965534708
300682828
908035765
4067760082
3361971416
426804962
3406228973
3182866701
965328750
2524776999
1841249874
1677499957
3371912323
2774784289
1155350328
3006049965
4020217404
1478848553
3351478161
342623342
704153854
2917201351
3328131097
3297179358
165656815
3688166698
3710108893
803862370
2533500437
3811331829
2504415610
250981858
3416829928
1883074696
446283610
1433422864
3997840330
355185850
2184982276
482206716
1198463636
55837076
2009398084
1537676571
2508962118
1024064664
4279403518
2839297596
1651815934
864187717
960972083
3647895914
56268899
1350009487
1091712627
3570148541
3405305798
2472997349
2693252444
2917996369
2260306059
972139527
1869746265
3859397832
3907185727
3585878481
2362763797
1942540062
2525534698
753821824
2193485147
958562405
812647426
2566233103
3732868022
3888381512
4104848646
4064772247
1015804289
2044754803
882760577
1342589173
2064487447
1037876935
1077411002
3412980969
2520563046
2724072116
3105996654
[*] Stopped process '/usr/bin/nc' (pid 1100)
