[x] Starting local process '/usr/bin/nc'
[+] Starting local process '/usr/bin/nc': pid 1104
b'Please input your token: '>
3765498785
3243097178
1929593718
556901845
39704616
681043893
3273407828
1200671356
436576891
2280791116
4109392308
4202041088
1160466530
347323964
3283841098
982948521
185086245
1235435441
2147566706
3981452274
407526758
2871677369
3354819603
3612607500
2817858292
2234444101
2530263015
3880611751
504473306
3551886359
3702106902
2999894486
2105209594
335026830
2632522683
2904723353
3764913547
724645196
2718488424
4049967409
1034856243
1297916952
1134414856
3117468186
87941039
328953509
3127190424
17273864
1339800705
3722075245
387018812
3808856700
3459418758
1743867456
2875962419
895008521
611385748
1463391726
3780073323
1270854276
762779028
1445782901
911016060
2400992370
1825448132
2682020852
2635387122
3617001876
2023404796
2840391731
919005301
4283144
2202876198
3314606710
2298640059
4194430760
3987921569
3911697214
2833383445
3876163847
3896883465
3048345300
2756153184
2897427074
3200914427
54453776
624098778
3731922893
2140513184
2542379812
185361982
1613098134
1548991993
1136853520
512625311
4243169749
4169793570
2807786753
2512359472
4146512013
1394115592
2636424478
4021194556
3726766215
1935463722
2172827834
2966468369
1745898047
1373667154
3144689369
2568535064
2952319487
3476878979
3267477895
2951950414
3306872342
3142564297
3181827964
3541642488
4024050468
2620170777
2605306513
3193996180
1415630244
715895599
1196162432
3322735570
3696663945
[*] Stopped process '/usr/bin/nc' (pid 1104)
