[x] Starting local process '/usr/bin/nc'
[+] Starting local process '/usr/bin/nc': pid 1108
b'Please input your token: '>
1547906040
763563409
3756095096
3976418078
919946073
2326536138
2555153653
3222454940
1457996918
919566464
866399751
3294363859
3494882572
3058085346
1145708163
4267297357
1667817885
3919444010
1647498151
1305836210
3059085109
254039792
2693432636
3556707188
1043639106
1915774296
2467484199
2293899907
2073278259
1138111512
1398957391
2353384405
3812809557
137214060
926366424
2988754693
3590962510
4143209601
2668596608
1103402208
1180391022
956702105
1541207747
605304974
3602903375
4272698588
2562729320
3237335684
223836576
596843606
3496226634
719365889
2077596459
2191272796
3796505912
3471671561
4243819884
3320872101
582838358
1581497069
2395820433
2621575389
2041136517
2384815860
2470141247
1294435358
4066554188
2517663620
2969539604
23933066
2525896216
3149632890
114201771
3175236334
1936910914
2355812540
2061867466
1355965518
2908685608
1714868154
2377997857
3572205992
2747212183
1330490717
1328540031
4221288087
2597905999
1316163238
2112223466
1569157956
2756006850
945832572
435425720
3077424958
234526078
1128966480
3686754445
487571278
3303963958
2028282705
2046425371
3780701158
882995778
2027007461
321115158
3985483878
2786237176
1575457250
263490459
1721331093
24783454
2320238614
432932563
719876173
2594252899
53713078
2705159917
2435407462
3785061030
1850269679
4064257303
3462735419
3087585931
3620516534
4269636448
2844661746
1777024827
1747049396
[*] Stopped process '/usr/bin/nc' (pid 1108)
