[x] Starting local process '/usr/bin/nc'
[+] Starting local process '/usr/bin/nc': pid 1115
b'Please input your token: '>
2132135105
4001741195
366756210
1199694852
2521059588
2221874039
2379740839
2633029323
2201182874
1317745515
4105144225
564596924
2155044751
2715075881
1762765845
3455964561
867198970
3721373008
165497658
3674663220
2100098387
1004740310
1564392253
360935814
1384386019
3115273808
551603103
412881415
3276430882
1910941593
3260812713
380523140
3559024173
1951506042
511116395
2937202678
2947562971
435690898
1404437033
939552682
2424071188
569484293
1127136100
796104831
2942872643
3803196288
2600410500
1462680125
3773498617
437518621
1667925181
3744402056
210192415
1958883900
3575853128
2559284822
708160628
2102687200
99113925
589820940
3057034209
473324028
1957811343
1050762213
655076929
2539873057
948123254
4048084012
1798479073
1902427183
1391919066
2798773903
1955816875
1474149853
2435240476
2204933405
2779834345
4047950426
2050543407
545734931
2530313482
1946507372
1167527976
2557337524
217958507
2592098053
2257525664
124318930
2866549004
2014992163
2521288762
2073082070
2849023004
707538934
1887522443
1861414781
3832667842
1760886553
1997061061
3700135840
4280520045
1092672877
1577324126
51226494
844488635
1850405967
586388622
3296373032
3682506263
1020784525
2705892306
3628860762
3444190355
1735883530
655882586
911730252
3277434969
1102792382
689461184
3122878595
2944621422
4175353779
2773966834
2070798633
4032461629
1123181758
1417722560
246807929
[*] Stopped process '/usr/bin/nc' (pid 1115)
