[x] Starting local process '/usr/bin/nc'
[+] Starting local process '/usr/bin/nc': pid 1119
b'Please input your token: '>
2742423850
114585563
1496286691
4055505930
2353693594
3297833545
2795933365
3255165110
2510045684
1379819903
3633731127
3312487943
3331135584
270837030
3124364048
70807952
3536469015
2003023442
3350424174
3165851685
1443799632
509988361
44063381
2387291326
2815067502
1790489687
386336929
1547432503
1680751192
285249445
3229637667
3721341814
898965664
4155124966
2682069666
2994701326
2848748578
816436900
2059999705
2385134591
529527231
3792015415
890016681
3441339611
2527312949
957436167
616750901
679278698
3219196729
2420134970
1613512370
2501344932
1822537181
4250046448
2570034896
2875926166
402785788
1889659918
2836284572
688413456
1574773042
365576306
22140257
3180793677
4214396137
2500879194
2236587336
836355627
398355905
4288243081
169335822
3199927983
4026338767
774998137
1164300417
2064789195
2047592497
607079803
3745334263
2203147730
1174209889
3143814627
585353392
415145075
2175960502
2722746048
2621411117
1942978742
1309188027
2205470736
2260390940
27116390
4000133006
1115824632
2959073082
141772851
438782005
1570156733
1771970357
4212429982
3000149241
2156169167
1198797135
1180463077
3633905122
342057213
3955946701
526406552
549877436
2087385991
2067761833
258225093
3626120896
4190431584
3491724072
1261486978
2508909106
1601585892
317574390
2685216505
4187916201
1218023235
2150092642
706300389
1365391126
1251790964
798747223
1898264410
[*] Stopped process '/usr/bin/nc' (pid 1119)
