[x] Starting local process '/usr/bin/nc'
[+] Starting local process '/usr/bin/nc': pid 1123
b'Please input your token: '>
3839211101
2106900580
3963145804
518964400
3839262240
372831243
4253693515
2906585271
2950099411
2364875086
3020508819
3335643787
2757300590
950615857
2994560091
3497571407
1940163972
2064827486
880570975
4038468398
1913617983
2405739339
2279178552
818470957
820940626
141688953
327059222
2389547244
3522392551
165758539
1031011464
4148683438
820113072
923310845
199125276
3771727188
2958302842
3336311041
3530676562
1973429254
2334614138
3711427821
4078985640
1564707301
3835882793
2453921211
1301361357
924136372
1664809694
63900260
1735528533
2956351577
485166065
2295210653
2530509989
75717001
4095480678
2000028167
3750621619
2715142354
3957621911
2154699582
520319465
1752002768
500639550
1691710478
208861987
2194682102
4186987207
3736674072
1797461545
4184394665
2468869821
2505756557
552176955
1772990054
1162308598
354434461
1432002898
2392060005
485054648
3556151079
3617790721
1424381803
2961522929
3711203437
4178310706
159134165
759438136
1099389911
2807888127
1858086940
3590349229
1611753135
2322837461
3427571176
604257406
2599797015
1489428103
3866603948
1872316045
1663822330
2776596694
2878914980
1801206200
1756056433
2270054345
741184989
910101999
4071489610
782294350
3073049147
2640693103
2022850347
3872894123
463361807
3703219879
262467105
1740333155
1493118114
1024548577
1304316644
2161615259
1226794810
91397032
4261574218
3650373293
2357681559
[*] Stopped process '/usr/bin/nc' (pid 1123)
