[x] Starting local process '/usr/bin/nc'
[+] Starting local process '/usr/bin/nc': pid 1127
b'Please input your token: '>
2385269920
3672461861
1187089911
3072021928
4027510485
3104235596
2993911698
962932661
586825932
1049092134
902919406
3503773730
2033320348
3934450299
549664570
1637005537
3491107868
1405335789
3396468974
2396080203
3341823254
198105725
2744124504
3756573931
3496407788
1023894120
1452283123
2473510819
3516913632
2135256263
2636276956
3740338318
3912419563
3131765029
3479441865
875983337
686545935
593127441
734333234
2991053811
1789746410
1663659429
1255177846
3339311567
4036475328
2286027687
2126304085
641098532
2586059506
1565081589
2340853885
3235033692
3140152697
2469408034
4009194641
2873145580
3636887555
17894060
238241799
3968135311
2849682968
2866748716
2669759427
2145126559
1490309606
2219246543
141642631
2994793309
4109501121
2301980924
2117676315
2288450556
443166118
24358569
1087944727
733906730
2886875991
1500392248
3974428043
4276470971
2641698910
3000098886
1143721922
2761852714
2721973479
2301874619
3547830258
1121768537
3069385475
4156475564
1913730404
360779304
302162874
3060859606
2522103848
3486440823
199219019
2815548938
2557031328
1113490503
609185718
817308187
2702900350
2722286643
3357724190
1206255398
765580110
2341867992
684772206
1957794040
2663224756
3543208414
2376323462
145885536
25557059
670993294
396067375
513853215
2641747371
773079012
7307067
1502705614
515241273
1523155889
2765963272
1123860574
1930897101
75714423
[*] Stopped process '/usr/bin/nc' (pid 1127)
