[x] Starting local process '/usr/bin/nc'
[+] Starting local process '/usr/bin/nc': pid 1140
b'Please input your token: '>
3290944296
3036958811
1347691735
1529384296
2722762777
2702168836
1082609599
1649690698
3206105778
2649678595
3566557064
3412856140
1703442770
2269839739
1338640899
552219284
1182794144
3028225950
2402670059
1481877826
3932407701
3974585081
212588785
34265229
941025513
3031697094
137905869
917096038
1876717462
1080711335
2633156279
3273235402
2152752574
3672574365
1211146296
452562457
1321882342
33676320
3958166128
1625678198
3038624563
3859922983
1728667917
3695930236
20763954
2481210675
625425721
939224969
2964600153
1144688039
1196809387
283425642
2158793609
70127857
3389555401
844639132
504811673
540641632
1990180013
3849763723
4000602380
256615141
1842851056
4290827645
1651415573
3358452423
4013085996
3510812121
2828216743
2961533918
3982865401
866439315
3094780484
2867004273
4195490452
1765668622
1298884870
1467508168
2137769487
1759587756
55450223
2462204433
2523165410
2592804095
2252528713
1658680612
1059167550
428937367
1698016665
3942673689
3886234217
2545382815
1164397210
1331383260
2736165632
258698775
97310929
2086459348
1921007148
2882664426
2134977543
3741869490
1004943362
1700212657
49045186
3311297493
47732679
3193124226
2326698667
1895902527
1048959750
589962387
4286649213
1609688892
1243724772
2978623448
3259379646
847586032
2036545926
2957122882
1813676831
2713490153
2113996374
2848364271
3517705352
852729644
4099010948
10470368
[*] Stopped process '/usr/bin/nc' (pid 1140)
