[x] Starting local process '/usr/bin/nc'
[+] Starting local process '/usr/bin/nc': pid 443
b'Please input your token: '>
1407139479
324085723
2653466835
77642369
2173850513
3299540292
3098438678
267510378
2512465822
2267677048
36287596
2627965961
1230575959
3155239895
56121998
4052813664
3221557060
2124184160
2933994952
4269323276
2277457200
429979937
2686449121
2407707125
2630963610
4236398117
1014697633
2390271858
3315775799
3556172681
288452992
2070472386
1829994906
1834889972
3061541390
335260789
3209730640
50482062
3746041140
1830458940
376547367
4019232912
1691412687
3430075612
1377071975
1339500356
805728922
3272980920
3650254878
1928003039
1169912077
2165318361
2215886398
3405273724
3111396878
3461806589
3704813809
3707007076
4049469344
94227807
1733429551
2854529540
1037295364
2291034657
494296773
1106768644
3118789672
4125329768
3767903302
4084570385
1458716348
778140764
2535127287
3088838171
1849253656
968330928
3339224978
1583224649
565344989
2446426563
3737586852
2800347041
1321625255
1092164597
3928143944
3683500937
537296235
2986841911
1567123228
1795945754
1980249276
1982914197
3733318705
677715416
3772891249
169533197
2974504519
781672579
2771900632
3923980182
2261279719
563909922
2641329056
1214201816
3500229704
1274922234
2811830774
327645761
288372345
4012153397
453531903
3491584802
3750487305
1950863833
66889
2723496239
3489039142
2124951564
62772994
1181454861
461209908
3659291435
1380338762
121777835
259921882
3708431927
1877344460
727526315
[*] Stopped process '/usr/bin/nc' (pid 443)
