[x] Starting local process '/usr/bin/nc'
[+] Starting local process '/usr/bin/nc': pid 1223
b'Please input your token: '>
3084590819
1523311202
3308530579
1435582116
2849679554
533971227
1391028643
1017329943
3409857706
716418053
4046478513
1113473222
3011852843
1165554183
3497541627
2907776144
2247510326
202664004
3860113773
3083144460
1837361342
3245515661
2635472653
579076497
1283648727
435466654
2436033215
2058385156
2276540270
1860236206
409629794
2784707611
2325320304
3184572580
997158458
952364638
1870995294
1183751486
3831946322
3835576651
98222653
1607425773
1112656008
1128081177
4216634659
4267612374
3631732014
2744854145
2681836853
628417790
1945822476
4012143058
3098686138
3874413074
4199463605
419812617
98763299
2585478539
3572488057
393330756
428153162
150367596
2535493227
2761141970
1430423398
4062677075
590275068
1291229423
2873236998
3413952572
1080507394
1654862554
3633734384
1610732286
521188398
985045735
2540747005
3171040764
2754264257
12175864
2020480027
2567324277
1072193182
2530985383
1302021499
1620346025
1130181311
930352454
4035019650
3522104725
1400164674
1840144138
128678679
3550983428
2848304747
3690334565
1216411356
4161478751
761034126
235605747
3241102206
3104341467
1934679387
776189499
3235255463
2806053203
1575949586
1486774676
3670474998
4033700982
2296043671
716346808
139346199
3015391099
1259679243
189909801
737248217
2407235960
123995850
2793086040
772117330
2860785547
1770141530
2979539853
1460086368
3879316658
437665240
1361628193
[*] Stopped process '/usr/bin/nc' (pid 1223)
