[x] Starting local process '/usr/bin/nc'
[+] Starting local process '/usr/bin/nc': pid 1157
b'Please input your token: '>
1880360898
2166852305
1038122502
2920787605
2552182459
1037991454
2411831525
707205544
2427061553
128372180
1276160095
3319688507
1163948041
1443948924
2445815757
2682271388
561967424
83209477
244238433
1728535326
1807784798
1700141452
4201063888
3284713196
1409285398
842013055
1087715936
2926148031
1025971958
3568404783
1279825016
3092186025
727019844
693957990
1589568147
442608718
3546176389
2339445291
1284060990
3199458351
2124717877
2378860109
1650232235
387277344
878533623
1647465868
4267547977
2031847393
930827052
2780664986
2795024161
3110295487
932433999
31093594
2681430873
4043349993
3324379644
2486451507
2191481037
3519733377
2162972977
1366175959
3599868733
2398930835
3280753448
407594217
1782486388
3711351706
557094680
1683640314
517446962
3796325307
428546291
2641477007
849692134
3490297836
4051339388
2865846466
4272767667
250047008
3276982560
3843885867
4163418756
3647305830
230630530
2782218227
2550578569
2733048415
1881222713
392290988
1145090462
3766429798
608253828
1946001274
988190265
2781956845
3067082811
2001337703
964124081
2312453460
3848934874
2214541596
2199474742
1523039920
2595592427
3137407806
3801881446
93760727
3566813134
1769140905
2886499827
860437538
742259964
1775139446
3855640149
498943719
1970785280
3619724924
3078731123
4215931493
1941709364
22789191
1706178691
1950146226
2388879977
2476003044
2841348777
3686406703
[*] Stopped process '/usr/bin/nc' (pid 1157)
