[x] Starting local process '/usr/bin/nc'
[+] Starting local process '/usr/bin/nc': pid 1167
b'Please input your token: '>
4166172323
537211247
2845288568
809838710
2194553222
3913380312
783461872
3824949517
139689319
2324059709
1750989260
3698483753
3449091899
3023092447
3058988242
466413657
2925947556
1543558428
3932253710
828110068
1317532106
1464876136
2305709477
627207829
560658357
2549020471
608537458
2661779095
2937059567
2175062411
1577790680
745477427
1777834420
2360722840
1241004126
3728442724
449773069
1727825344
1433952860
1445998747
1327885423
2369817539
3524691863
1080157803
995608292
3113416496
924880109
773581486
795702487
4130069795
708218853
3609166896
651198859
1640211085
3756052322
223253169
219565980
1830174481
2287596984
1898883453
1096683044
2742311903
4053638484
2188506313
3949368330
603010756
3218282536
1116557103
109761606
3216044984
1619573660
4070771539
1669400279
144470259
2986787404
1497777566
1800345584
3598862703
1356963152
1607839774
1550030249
112514123
4268779171
3005887224
3017503728
2243933840
858239408
4008264655
2947629925
5095721
976747467
1669147618
2527693803
1085405755
1221324570
3331378513
2635539283
3753460323
1187410543
385604400
3025207865
4142974369
2490600308
853296924
3452933973
4126982145
2463952033
1658486638
573595461
1539640353
3250776071
1762765145
3544102172
3247634139
3958461817
3981006770
2236681573
2162357231
1256927021
3683664126
3942472068
181299201
2555155816
3173832764
4041255046
3958893482
81326510
1361814752
[*] Stopped process '/usr/bin/nc' (pid 1167)
