[x] Starting local process '/usr/bin/nc'
[+] Starting local process '/usr/bin/nc': pid 1171
b'Please input your token: '>
2406898192
1082852020
1736357928
2628405848
3717615960
3808032485
1803297593
2279231929
2249968606
3202466290
1163551915
1154390725
2412744403
2687810558
2566776544
4171610303
3209215676
3861714362
489274340
2350266554
751486031
3526753926
2630249454
1123224196
869703263
2062488457
1525423522
3259099482
1536455409
408562607
4078846793
4166732842
4009537136
2138047072
1508520154
753178778
3509505667
807026875
4166704080
1996362205
3111807970
3635888844
3318358366
1406407785
1120310792
3571302983
2931531157
2596782310
935301283
3869690932
687900438
1574758955
3341324425
133305659
783795311
2613769134
1179049174
1077452411
3680737364
1530648124
1196915634
1202591819
3073029098
1948282402
3994949716
486278214
3616516857
4060716528
3171447613
3999984955
1968756647
2169290911
2175729824
4111526771
658484187
4172789388
699933047
2426182759
2293888437
3305405652
4089474123
1264907613
4163563149
4192562924
1780570206
271166508
1566838790
153392634
3481427580
786481265
697975198
3817043298
777027912
1376208400
127648700
1932373551
879410048
3612839511
1467928526
1059971714
1153777337
303173060
3669213577
2992367035
2683933237
1379548560
4094376768
2528398851
620405704
1481578921
3893329323
174504523
1291220105
3456608683
3476304514
1894967098
3985746562
869626971
3496980424
211710201
2388074991
2022768102
3854007499
3352651038
4173041581
1382813120
3890052057
2385485343
[*] Stopped process '/usr/bin/nc' (pid 1171)
