[x] Starting local process '/usr/bin/nc'
[+] Starting local process '/usr/bin/nc': pid 1175
b'Please input your token: '>
3209613491
1194486270
4143216978
1254767260
995256989
3762587596
2454276348
1282260394
2536951481
209114743
956399361
1784154752
1653538594
3801709326
4061258193
3441249960
2249573424
3620793169
453587835
560711202
219537610
1102184876
4286162190
3533242010
222174333
3986246776
129240341
84744954
3848425370
2187133583
3338172277
2916349383
3538202885
2014163553
2336444398
2679364557
1149843902
1508586602
2787824375
517052894
3706938979
3877646277
3686444171
992082277
4284461722
997807220
1920837167
1781147999
3291305943
2195093494
2383802172
3933210101
2297200942
2591184841
433991949
4019194455
2739056222
2363237028
1772773206
1973612831
237527836
1933119894
1134678149
3740317989
1014193679
301071852
2486790682
2793427439
3547563379
1977393517
3277397393
340720535
2989312356
56507578
3545640696
85061398
2484027733
1987917764
766303526
1519469984
2478606819
2459917072
3475073628
3283601533
2992676138
1634716895
1149129891
2433878474
3562876687
1868170871
2587153933
2055355633
3381126673
2352847256
3964612242
1031185252
1645840189
3772653839
1885843210
389793614
1777906659
2499427502
1018085641
977859391
3286593276
3588992809
427061905
95298951
3437245117
3802858348
3510767068
1716071846
2055755734
2205489221
1171299827
3167683934
3058620508
3395444481
3143663722
3751139249
3569051447
927803485
3036380768
3320399389
3022031109
4133781162
3255426773
1123145560
[*] Stopped process '/usr/bin/nc' (pid 1175)
