[x] Starting local process '/usr/bin/nc'
[+] Starting local process '/usr/bin/nc': pid 1179
b'Please input your token: '>
3349548779
1669757494
2499962096
3146991600
919079254
1162270704
1287395427
3927452747
1753428432
2604283073
3406293553
1275352471
3319993485
1270394697
3964977390
401286837
4021015515
2352104989
670428894
3974515296
2582033565
1848508321
1261360742
3740701410
3725664300
2041934893
2114492230
833534521
2806637682
3762846418
410208673
1045084153
663178223
1122942991
2637011294
3039222295
326585094
1817640397
4205873072
1039642927
3640373629
7875785
4142408947
3781510515
2948553656
2300934820
2792825790
3171431310
3780556687
872384172
2854086273
91718941
4288599162
160981999
462408880
2880410030
676046744
2909374745
665297363
461760065
4192603944
1161937925
3783955054
4032513262
3489596342
481895316
2573242925
3343590197
3405783760
2130230930
4220157678
1116911750
954274918
1364544901
2996104047
2799429895
509819636
3675005202
1278483584
1454306154
2156851509
1887884282
2981907820
3285539232
4123628752
272482354
2859164941
1754374607
440034470
4118445709
525581821
1119594530
3692304671
2828098807
411173650
628792797
1565203993
1729954646
77895553
2204494924
1322424479
623293158
3859235922
198211132
3751690141
2690618918
972212029
3219005128
3843069992
30599699
803091104
2239524541
3821070673
2521572520
642869023
466024198
3326972863
2749297210
2835021551
4075210024
2215919252
1467019917
4261573441
2462103151
166025365
3646895404
2672663851
26926482
[*] Stopped process '/usr/bin/nc' (pid 1179)
