[x] Starting local process '/usr/bin/nc'
[+] Starting local process '/usr/bin/nc': pid 1189
b'Please input your token: '>
1668646585
108463290
2982072882
995867612
198023574
3194710377
2154094662
2485615780
2231292189
1080331146
25665935
1684932531
504327167
1160029115
784902260
769665483
794240922
193070524
1567384412
3983837464
896038985
975075597
515594442
646599183
2550881398
3225174034
2048918719
1804179665
1480187168
4166882115
3946598959
1643557511
3380870728
191989708
2232390329
807594157
3423218034
2925779003
9624095
2669057711
252412434
2476338754
1766535365
3503293366
933870532
1410732596
696661545
3694285312
4057547597
1080257208
869629229
265550998
3893242577
2457940387
281415818
3528479387
832726616
1848467698
1618582821
3956157714
1291715524
450588733
243446975
614564343
4190785904
2759082472
959502808
1434502233
3509128433
536422556
2793363609
202877563
3606273016
3983260602
945218106
3041820818
406747367
588104404
1034037135
1073720139
407308703
1679679115
2136171036
3917087919
2552788653
1240901418
1663346324
3681484245
3333877016
507181001
624217901
1887066975
3838546560
3128960995
3665570539
3786189668
2686809743
4152883042
1437681769
3039387905
909843584
550652210
546218253
569915249
886894694
190746820
3159520938
2206836469
3593395526
2256331272
4266449820
4009035761
3625809243
2005883258
2796339020
3755706693
3462512731
3005170540
3920567833
2392848672
4270071170
702591438
3683799600
3629540069
421336123
1701183663
1729804977
1392485899
[*] Stopped process '/usr/bin/nc' (pid 1189)
