[x] Starting local process '/usr/bin/nc'
[+] Starting local process '/usr/bin/nc': pid 1193
b'Please input your token: '>
713016415
3974314537
1075976832
759718961
3297101606
3265125537
656865944
2824311763
3533189863
4134527585
1148086385
2780157243
1442885268
1446937935
1620520085
4236838246
3427056688
1347427694
954386108
794699646
895904227
729707763
599998899
3836577901
3176397079
2914285502
573963889
3213778690
451838091
1733015426
3232419277
1192870038
918381824
3177117784
1064016455
792831780
2892707988
1154735004
1290122112
3290422977
65774673
3832883281
1961966227
3615614549
1755161346
3458719063
1382197624
594994827
3499539320
1656785344
1349393480
1515056468
3570825551
1231574030
3183116676
2801340321
725786796
353548197
303382176
4202933390
2692950895
860163942
1943990131
3185622266
2051139578
3167005071
697773215
2135641782
3664702092
2686352342
2052877594
1735867242
2462602357
2322877990
3138408752
1745448063
3044358736
1555202570
3241047861
2819309196
3816529224
3839653780
631877686
761137078
27690367
159883169
3137924374
3678278443
1177283492
1935379528
950879274
2630645216
1214151782
3639211642
916478411
476533372
2696733366
789320746
3947058282
211647334
3947341896
3582652924
652982713
3355480589
3712364973
1532494530
1805364889
3068600227
373607599
2013778481
2771701395
2636928497
3269722456
1153716063
2193005566
2685618462
829354978
3952149168
2364265293
2466744418
2940132953
3416746396
2187311889
3753304041
3060454168
2765860592
1807277363
3510985579
[*] Stopped process '/usr/bin/nc' (pid 1193)
