[x] Starting local process '/usr/bin/nc'
[+] Starting local process '/usr/bin/nc': pid 1197
b'Please input your token: '>
914635140
555731097
1992614463
1159354973
3466154397
177624265
4205296041
3135334011
2327457830
91409883
3007826571
1564102741
3473859120
3918678658
830668530
3457976239
2419680823
1241987420
1853027042
3862183695
749130185
1259057375
304190780
3480288463
1689640060
3479942581
2941117691
2095016445
1324716859
2505813763
3590309550
3273266762
2763973825
1491423364
2639301052
4042288383
616925768
1591000247
938301433
1274908781
3817083027
796115036
2947476129
1989313530
2693122190
4290082181
1692197438
48128639
1994200725
64613226
3344371616
939040323
3053892565
686023611
2857881891
4141891181
2445852096
519895891
2249369149
3745228653
4215642964
3281484010
3114192141
3356623171
3374173545
1307826760
1757211887
2409051382
2727226901
3279876266
4185192796
1707253844
3265236571
3348798863
2837583413
2699962188
1661043068
2825195944
3062231628
4007663985
2059387591
3578998478
3424800427
2880863790
1436074797
332562565
334990911
366632334
862232384
794411989
948922344
2194061805
3844126990
1280742153
3673841723
890358190
1179424931
2970961420
2752624125
3388095215
2225998192
2765310517
4211626535
294690779
1951421417
3211797365
2481100286
3575803387
3367048362
1145967716
4289302395
2851245738
2273944819
3657985972
1710192405
1655443837
1091468358
4137426028
1924574107
141828118
2023958319
890219982
3577968722
3714893997
519378295
2050512768
2325029665
1962143652
[*] Stopped process '/usr/bin/nc' (pid 1197)
