[x] Starting local process '/usr/bin/nc'
[+] Starting local process '/usr/bin/nc': pid 1201
b'Please input your token: '>
258577392
1984516679
3652670058
3596769592
1995088053
2149117185
2994462028
4060925829
1202951070
2686855677
1770193983
2334286617
1787562855
2647995065
171567680
3508232379
3386411608
79190058
564353867
3971606391
3720377797
1541962777
4204966095
2097186147
3220099333
48697395
301914370
244947889
1045102979
2906933919
4080939174
1835573457
2799261680
3093075641
2839585046
1332903336
1629229187
2227392672
1182672455
2724475313
250585737
648503751
2173882933
1958429334
4237138050
2261520469
3969156807
2296021656
881077335
2201070207
2983798664
1631577500
1697950690
3410419175
966435502
2716964339
3016478904
2124270152
736423158
4040957122
234326407
564153582
2408901592
2918249195
3682711956
400482872
193693715
3850783990
1245357202
670915412
3812578676
3478443618
1530084295
767623353
1741607523
2621425077
835205984
797319841
3563227486
3284662733
3506426988
3634861657
4282127673
2479928335
3875319823
1526285281
123686644
971065332
929810785
4259213654
2876816304
3415012786
687599189
3418656561
3184366271
1999540984
3177888215
2049749646
934711983
3468445156
2926822511
2358767354
4274405100
2426434538
807754011
1586263736
801060590
3026059004
3488707665
2653290465
109540286
1437302839
3988635945
3779113841
2277273393
3390890217
3556890643
2619975434
2327220930
3727100821
1113010440
1211783715
3886051311
3122361909
4084590040
1642627837
1384714842
3051946277
[*] Stopped process '/usr/bin/nc' (pid 1201)
