[x] Starting local process '/usr/bin/nc'
[+] Starting local process '/usr/bin/nc': pid 447
b'Please input your token: '>
2022436051
2282617324
2205442174
1657189611
4103009226
2101225678
4004723552
1601146491
1985482568
1732210566
1403102531
3411681052
322836218
222081058
4086249413
2124896195
2851920922
112113741
299208718
100521646
3772274541
339375717
2193518273
3639758194
3847886912
3391018582
2274108636
557355144
319340171
886078198
1841718466
3512201294
3201757288
1347819759
574085690
23616549
1614432222
2380500830
1717351367
2207408076
1690189008
2450816857
1827064593
2020107726
2127785615
1817204232
1164251142
3709837387
1174235082
1384448424
1021909845
3207703470
581539386
2709720730
1953783921
3209565366
902735910
472496049
3175418365
2420087882
3186471193
2166814411
1955444043
1066502297
162397061
14990808
311349461
2624463147
3454403939
2370517479
2731209148
576979951
717308
2435843082
2797126863
2095831130
1205055857
3289383561
820144032
2901684011
2306023230
1912917240
3856580126
3546007999
1273827333
4121680773
1419611079
1866482980
397135943
2614320490
3543477652
1502819342
3773288736
3474559410
3122316529
3508098214
1010883674
34259278
534781508
2367916888
2701025511
559977119
4083590606
1428750337
2084483688
904542140
2458031300
251183906
2163116859
939151750
3171494544
3895755830
3889888164
1540317327
2575899580
2779396592
3754101754
2986098339
745210823
3485031542
2185878776
2357142294
225430092
3347554347
1478602678
3865118808
1087009582
3809265460
[*] Stopped process '/usr/bin/nc' (pid 447)
