[x] Starting local process '/usr/bin/nc'
[+] Starting local process '/usr/bin/nc': pid 451
b'Please input your token: '>
592859189
3191847356
2429227350
1574580726
3911572706
2533490871
65125712
1361958833
2860720808
4252535935
4154223829
2290413487
1693644271
1123771897
3322551537
644930514
2043117503
4141571512
3335604324
2784307730
1780077823
2435159086
186326417
3262284122
133132041
2191924360
1257667444
812251536
3353123748
280635174
1758397168
4241359603
102766536
2778039202
3329608445
3899081944
2477685252
2472106490
899901925
62231081
2715955897
2730046846
2243659133
1325257711
2263046805
3289444138
2470343411
2893323409
2871272152
2394265510
3395505638
1715035452
1754396740
881240344
3122027273
3091693918
1449050377
1532147451
1543632261
763798437
159564696
1615791267
2964779571
2934362777
3297187344
3192703410
2473906168
2560431954
629732353
1726146745
2467954392
4019870371
2856638175
2683506784
204062
2803447639
1636263528
789209966
3286769322
1359509444
3478715518
1034329424
3821699325
2190830538
3386472550
1166204593
4138275566
3015664133
1747201337
3220071894
2027260269
1561629873
675318218
3930061746
3397674253
979688256
1286558016
2264075607
1344137060
2668284107
2802479909
4037932234
4165467145
1260675437
548547363
1183585681
2279767526
1954723168
3710165453
864644691
1311025344
2883262929
3261368976
2969459095
2805884374
636155194
100183813
2212984055
4092791045
2965438531
4233123703
2821669701
3673773026
3955932954
2653722860
23291353
4072106595
3961850495
[*] Stopped process '/usr/bin/nc' (pid 451)
